The system is: Linux - 5.0.0-29-generic - x86_64
Compiling the C compiler identification source file "CMakeCCompilerId.c" succeeded.
Compiler: /usr/bin/cc 
Build flags: 
Id flags:  

The output was:
0


Compilation of the C compiler identification source "CMakeCCompilerId.c" produced "a.out"

The C compiler identification is GNU, found in "/home/iosmichael/Documents/slam/glog/build/CMakeFiles/3.10.2/CompilerIdC/a.out"

Compiling the CXX compiler identification source file "CMakeCXXCompilerId.cpp" succeeded.
Compiler: /usr/bin/c++ 
Build flags: 
Id flags:  

The output was:
0


Compilation of the CXX compiler identification source "CMakeCXXCompilerId.cpp" produced "a.out"

The CXX compiler identification is GNU, found in "/home/iosmichael/Documents/slam/glog/build/CMakeFiles/3.10.2/CompilerIdCXX/a.out"

Determining if the C compiler works passed with the following output:
Change Dir: /home/iosmichael/Documents/slam/glog/build/CMakeFiles/CMakeTmp

Run Build Command:"/usr/bin/make" "cmTC_ec4a5/fast"
/usr/bin/make -f CMakeFiles/cmTC_ec4a5.dir/build.make CMakeFiles/cmTC_ec4a5.dir/build
make[1]: Entering directory '/home/iosmichael/Documents/slam/glog/build/CMakeFiles/CMakeTmp'
Building C object CMakeFiles/cmTC_ec4a5.dir/testCCompiler.c.o
/usr/bin/cc    -o CMakeFiles/cmTC_ec4a5.dir/testCCompiler.c.o   -c /home/iosmichael/Documents/slam/glog/build/CMakeFiles/CMakeTmp/testCCompiler.c
Linking C executable cmTC_ec4a5
/usr/bin/cmake -E cmake_link_script CMakeFiles/cmTC_ec4a5.dir/link.txt --verbose=1
/usr/bin/cc      -rdynamic CMakeFiles/cmTC_ec4a5.dir/testCCompiler.c.o  -o cmTC_ec4a5 
make[1]: Leaving directory '/home/iosmichael/Documents/slam/glog/build/CMakeFiles/CMakeTmp'


Detecting C compiler ABI info compiled with the following output:
Change Dir: /home/iosmichael/Documents/slam/glog/build/CMakeFiles/CMakeTmp

Run Build Command:"/usr/bin/make" "cmTC_f54b3/fast"
/usr/bin/make -f CMakeFiles/cmTC_f54b3.dir/build.make CMakeFiles/cmTC_f54b3.dir/build
make[1]: Entering directory '/home/iosmichael/Documents/slam/glog/build/CMakeFiles/CMakeTmp'
Building C object CMakeFiles/cmTC_f54b3.dir/CMakeCCompilerABI.c.o
/usr/bin/cc    -o CMakeFiles/cmTC_f54b3.dir/CMakeCCompilerABI.c.o   -c /usr/share/cmake-3.10/Modules/CMakeCCompilerABI.c
Linking C executable cmTC_f54b3
/usr/bin/cmake -E cmake_link_script CMakeFiles/cmTC_f54b3.dir/link.txt --verbose=1
/usr/bin/cc     -v -rdynamic CMakeFiles/cmTC_f54b3.dir/CMakeCCompilerABI.c.o  -o cmTC_f54b3 
Using built-in specs.
COLLECT_GCC=/usr/bin/cc
COLLECT_LTO_WRAPPER=/usr/lib/gcc/x86_64-linux-gnu/7/lto-wrapper
OFFLOAD_TARGET_NAMES=nvptx-none
OFFLOAD_TARGET_DEFAULT=1
Target: x86_64-linux-gnu
Configured with: ../src/configure -v --with-pkgversion='Ubuntu 7.4.0-1ubuntu1~18.04.1' --with-bugurl=file:///usr/share/doc/gcc-7/README.Bugs --enable-languages=c,ada,c++,go,brig,d,fortran,objc,obj-c++ --prefix=/usr --with-gcc-major-version-only --program-suffix=-7 --program-prefix=x86_64-linux-gnu- --enable-shared --enable-linker-build-id --libexecdir=/usr/lib --without-included-gettext --enable-threads=posix --libdir=/usr/lib --enable-nls --with-sysroot=/ --enable-clocale=gnu --enable-libstdcxx-debug --enable-libstdcxx-time=yes --with-default-libstdcxx-abi=new --enable-gnu-unique-object --disable-vtable-verify --enable-libmpx --enable-plugin --enable-default-pie --with-system-zlib --with-target-system-zlib --enable-objc-gc=auto --enable-multiarch --disable-werror --with-arch-32=i686 --with-abi=m64 --with-multilib-list=m32,m64,mx32 --enable-multilib --with-tune=generic --enable-offload-targets=nvptx-none --without-cuda-driver --enable-checking=release --build=x86_64-linux-gnu --host=x86_64-linux-gnu --target=x86_64-linux-gnu
Thread model: posix
gcc version 7.4.0 (Ubuntu 7.4.0-1ubuntu1~18.04.1) 
COMPILER_PATH=/usr/lib/gcc/x86_64-linux-gnu/7/:/usr/lib/gcc/x86_64-linux-gnu/7/:/usr/lib/gcc/x86_64-linux-gnu/:/usr/lib/gcc/x86_64-linux-gnu/7/:/usr/lib/gcc/x86_64-linux-gnu/
LIBRARY_PATH=/usr/lib/gcc/x86_64-linux-gnu/7/:/usr/lib/gcc/x86_64-linux-gnu/7/../../../x86_64-linux-gnu/:/usr/lib/gcc/x86_64-linux-gnu/7/../../../../lib/:/lib/x86_64-linux-gnu/:/lib/../lib/:/usr/lib/x86_64-linux-gnu/:/usr/lib/../lib/:/usr/lib/gcc/x86_64-linux-gnu/7/../../../:/lib/:/usr/lib/
COLLECT_GCC_OPTIONS='-v' '-rdynamic' '-o' 'cmTC_f54b3' '-mtune=generic' '-march=x86-64'
 /usr/lib/gcc/x86_64-linux-gnu/7/collect2 -plugin /usr/lib/gcc/x86_64-linux-gnu/7/liblto_plugin.so -plugin-opt=/usr/lib/gcc/x86_64-linux-gnu/7/lto-wrapper -plugin-opt=-fresolution=/tmp/ccGloj6a.res -plugin-opt=-pass-through=-lgcc -plugin-opt=-pass-through=-lgcc_s -plugin-opt=-pass-through=-lc -plugin-opt=-pass-through=-lgcc -plugin-opt=-pass-through=-lgcc_s --sysroot=/ --build-id --eh-frame-hdr -m elf_x86_64 --hash-style=gnu --as-needed -export-dynamic -dynamic-linker /lib64/ld-linux-x86-64.so.2 -pie -z now -z relro -o cmTC_f54b3 /usr/lib/gcc/x86_64-linux-gnu/7/../../../x86_64-linux-gnu/Scrt1.o /usr/lib/gcc/x86_64-linux-gnu/7/../../../x86_64-linux-gnu/crti.o /usr/lib/gcc/x86_64-linux-gnu/7/crtbeginS.o -L/usr/lib/gcc/x86_64-linux-gnu/7 -L/usr/lib/gcc/x86_64-linux-gnu/7/../../../x86_64-linux-gnu -L/usr/lib/gcc/x86_64-linux-gnu/7/../../../../lib -L/lib/x86_64-linux-gnu -L/lib/../lib -L/usr/lib/x86_64-linux-gnu -L/usr/lib/../lib -L/usr/lib/gcc/x86_64-linux-gnu/7/../../.. CMakeFiles/cmTC_f54b3.dir/CMakeCCompilerABI.c.o -lgcc --push-state --as-needed -lgcc_s --pop-state -lc -lgcc --push-state --as-needed -lgcc_s --pop-state /usr/lib/gcc/x86_64-linux-gnu/7/crtendS.o /usr/lib/gcc/x86_64-linux-gnu/7/../../../x86_64-linux-gnu/crtn.o
COLLECT_GCC_OPTIONS='-v' '-rdynamic' '-o' 'cmTC_f54b3' '-mtune=generic' '-march=x86-64'
make[1]: Leaving directory '/home/iosmichael/Documents/slam/glog/build/CMakeFiles/CMakeTmp'


Parsed C implicit link information from above output:
  link line regex: [^( *|.*[/\])(ld|CMAKE_LINK_STARTFILE-NOTFOUND|([^/\]+-)?ld|collect2)[^/\]*( |$)]
  ignore line: [Change Dir: /home/iosmichael/Documents/slam/glog/build/CMakeFiles/CMakeTmp]
  ignore line: []
  ignore line: [Run Build Command:"/usr/bin/make" "cmTC_f54b3/fast"]
  ignore line: [/usr/bin/make -f CMakeFiles/cmTC_f54b3.dir/build.make CMakeFiles/cmTC_f54b3.dir/build]
  ignore line: [make[1]: Entering directory '/home/iosmichael/Documents/slam/glog/build/CMakeFiles/CMakeTmp']
  ignore line: [Building C object CMakeFiles/cmTC_f54b3.dir/CMakeCCompilerABI.c.o]
  ignore line: [/usr/bin/cc    -o CMakeFiles/cmTC_f54b3.dir/CMakeCCompilerABI.c.o   -c /usr/share/cmake-3.10/Modules/CMakeCCompilerABI.c]
  ignore line: [Linking C executable cmTC_f54b3]
  ignore line: [/usr/bin/cmake -E cmake_link_script CMakeFiles/cmTC_f54b3.dir/link.txt --verbose=1]
  ignore line: [/usr/bin/cc     -v -rdynamic CMakeFiles/cmTC_f54b3.dir/CMakeCCompilerABI.c.o  -o cmTC_f54b3 ]
  ignore line: [Using built-in specs.]
  ignore line: [COLLECT_GCC=/usr/bin/cc]
  ignore line: [COLLECT_LTO_WRAPPER=/usr/lib/gcc/x86_64-linux-gnu/7/lto-wrapper]
  ignore line: [OFFLOAD_TARGET_NAMES=nvptx-none]
  ignore line: [OFFLOAD_TARGET_DEFAULT=1]
  ignore line: [Target: x86_64-linux-gnu]
  ignore line: [Configured with: ../src/configure -v --with-pkgversion='Ubuntu 7.4.0-1ubuntu1~18.04.1' --with-bugurl=file:///usr/share/doc/gcc-7/README.Bugs --enable-languages=c,ada,c++,go,brig,d,fortran,objc,obj-c++ --prefix=/usr --with-gcc-major-version-only --program-suffix=-7 --program-prefix=x86_64-linux-gnu- --enable-shared --enable-linker-build-id --libexecdir=/usr/lib --without-included-gettext --enable-threads=posix --libdir=/usr/lib --enable-nls --with-sysroot=/ --enable-clocale=gnu --enable-libstdcxx-debug --enable-libstdcxx-time=yes --with-default-libstdcxx-abi=new --enable-gnu-unique-object --disable-vtable-verify --enable-libmpx --enable-plugin --enable-default-pie --with-system-zlib --with-target-system-zlib --enable-objc-gc=auto --enable-multiarch --disable-werror --with-arch-32=i686 --with-abi=m64 --with-multilib-list=m32,m64,mx32 --enable-multilib --with-tune=generic --enable-offload-targets=nvptx-none --without-cuda-driver --enable-checking=release --build=x86_64-linux-gnu --host=x86_64-linux-gnu --target=x86_64-linux-gnu]
  ignore line: [Thread model: posix]
  ignore line: [gcc version 7.4.0 (Ubuntu 7.4.0-1ubuntu1~18.04.1) ]
  ignore line: [COMPILER_PATH=/usr/lib/gcc/x86_64-linux-gnu/7/:/usr/lib/gcc/x86_64-linux-gnu/7/:/usr/lib/gcc/x86_64-linux-gnu/:/usr/lib/gcc/x86_64-linux-gnu/7/:/usr/lib/gcc/x86_64-linux-gnu/]
  ignore line: [LIBRARY_PATH=/usr/lib/gcc/x86_64-linux-gnu/7/:/usr/lib/gcc/x86_64-linux-gnu/7/../../../x86_64-linux-gnu/:/usr/lib/gcc/x86_64-linux-gnu/7/../../../../lib/:/lib/x86_64-linux-gnu/:/lib/../lib/:/usr/lib/x86_64-linux-gnu/:/usr/lib/../lib/:/usr/lib/gcc/x86_64-linux-gnu/7/../../../:/lib/:/usr/lib/]
  ignore line: [COLLECT_GCC_OPTIONS='-v' '-rdynamic' '-o' 'cmTC_f54b3' '-mtune=generic' '-march=x86-64']
  link line: [ /usr/lib/gcc/x86_64-linux-gnu/7/collect2 -plugin /usr/lib/gcc/x86_64-linux-gnu/7/liblto_plugin.so -plugin-opt=/usr/lib/gcc/x86_64-linux-gnu/7/lto-wrapper -plugin-opt=-fresolution=/tmp/ccGloj6a.res -plugin-opt=-pass-through=-lgcc -plugin-opt=-pass-through=-lgcc_s -plugin-opt=-pass-through=-lc -plugin-opt=-pass-through=-lgcc -plugin-opt=-pass-through=-lgcc_s --sysroot=/ --build-id --eh-frame-hdr -m elf_x86_64 --hash-style=gnu --as-needed -export-dynamic -dynamic-linker /lib64/ld-linux-x86-64.so.2 -pie -z now -z relro -o cmTC_f54b3 /usr/lib/gcc/x86_64-linux-gnu/7/../../../x86_64-linux-gnu/Scrt1.o /usr/lib/gcc/x86_64-linux-gnu/7/../../../x86_64-linux-gnu/crti.o /usr/lib/gcc/x86_64-linux-gnu/7/crtbeginS.o -L/usr/lib/gcc/x86_64-linux-gnu/7 -L/usr/lib/gcc/x86_64-linux-gnu/7/../../../x86_64-linux-gnu -L/usr/lib/gcc/x86_64-linux-gnu/7/../../../../lib -L/lib/x86_64-linux-gnu -L/lib/../lib -L/usr/lib/x86_64-linux-gnu -L/usr/lib/../lib -L/usr/lib/gcc/x86_64-linux-gnu/7/../../.. CMakeFiles/cmTC_f54b3.dir/CMakeCCompilerABI.c.o -lgcc --push-state --as-needed -lgcc_s --pop-state -lc -lgcc --push-state --as-needed -lgcc_s --pop-state /usr/lib/gcc/x86_64-linux-gnu/7/crtendS.o /usr/lib/gcc/x86_64-linux-gnu/7/../../../x86_64-linux-gnu/crtn.o]
    arg [/usr/lib/gcc/x86_64-linux-gnu/7/collect2] ==> ignore
    arg [-plugin] ==> ignore
    arg [/usr/lib/gcc/x86_64-linux-gnu/7/liblto_plugin.so] ==> ignore
    arg [-plugin-opt=/usr/lib/gcc/x86_64-linux-gnu/7/lto-wrapper] ==> ignore
    arg [-plugin-opt=-fresolution=/tmp/ccGloj6a.res] ==> ignore
    arg [-plugin-opt=-pass-through=-lgcc] ==> ignore
    arg [-plugin-opt=-pass-through=-lgcc_s] ==> ignore
    arg [-plugin-opt=-pass-through=-lc] ==> ignore
    arg [-plugin-opt=-pass-through=-lgcc] ==> ignore
    arg [-plugin-opt=-pass-through=-lgcc_s] ==> ignore
    arg [--sysroot=/] ==> ignore
    arg [--build-id] ==> ignore
    arg [--eh-frame-hdr] ==> ignore
    arg [-m] ==> ignore
    arg [elf_x86_64] ==> ignore
    arg [--hash-style=gnu] ==> ignore
    arg [--as-needed] ==> ignore
    arg [-export-dynamic] ==> ignore
    arg [-dynamic-linker] ==> ignore
    arg [/lib64/ld-linux-x86-64.so.2] ==> ignore
    arg [-pie] ==> ignore
    arg [-znow] ==> ignore
    arg [-zrelro] ==> ignore
    arg [-o] ==> ignore
    arg [cmTC_f54b3] ==> ignore
    arg [/usr/lib/gcc/x86_64-linux-gnu/7/../../../x86_64-linux-gnu/Scrt1.o] ==> ignore
    arg [/usr/lib/gcc/x86_64-linux-gnu/7/../../../x86_64-linux-gnu/crti.o] ==> ignore
    arg [/usr/lib/gcc/x86_64-linux-gnu/7/crtbeginS.o] ==> ignore
    arg [-L/usr/lib/gcc/x86_64-linux-gnu/7] ==> dir [/usr/lib/gcc/x86_64-linux-gnu/7]
    arg [-L/usr/lib/gcc/x86_64-linux-gnu/7/../../../x86_64-linux-gnu] ==> dir [/usr/lib/gcc/x86_64-linux-gnu/7/../../../x86_64-linux-gnu]
    arg [-L/usr/lib/gcc/x86_64-linux-gnu/7/../../../../lib] ==> dir [/usr/lib/gcc/x86_64-linux-gnu/7/../../../../lib]
    arg [-L/lib/x86_64-linux-gnu] ==> dir [/lib/x86_64-linux-gnu]
    arg [-L/lib/../lib] ==> dir [/lib/../lib]
    arg [-L/usr/lib/x86_64-linux-gnu] ==> dir [/usr/lib/x86_64-linux-gnu]
    arg [-L/usr/lib/../lib] ==> dir [/usr/lib/../lib]
    arg [-L/usr/lib/gcc/x86_64-linux-gnu/7/../../..] ==> dir [/usr/lib/gcc/x86_64-linux-gnu/7/../../..]
    arg [CMakeFiles/cmTC_f54b3.dir/CMakeCCompilerABI.c.o] ==> ignore
    arg [-lgcc] ==> lib [gcc]
    arg [--push-state] ==> ignore
    arg [--as-needed] ==> ignore
    arg [-lgcc_s] ==> lib [gcc_s]
    arg [--pop-state] ==> ignore
    arg [-lc] ==> lib [c]
    arg [-lgcc] ==> lib [gcc]
    arg [--push-state] ==> ignore
    arg [--as-needed] ==> ignore
    arg [-lgcc_s] ==> lib [gcc_s]
    arg [--pop-state] ==> ignore
    arg [/usr/lib/gcc/x86_64-linux-gnu/7/crtendS.o] ==> ignore
    arg [/usr/lib/gcc/x86_64-linux-gnu/7/../../../x86_64-linux-gnu/crtn.o] ==> ignore
  collapse library dir [/usr/lib/gcc/x86_64-linux-gnu/7] ==> [/usr/lib/gcc/x86_64-linux-gnu/7]
  collapse library dir [/usr/lib/gcc/x86_64-linux-gnu/7/../../../x86_64-linux-gnu] ==> [/usr/lib/x86_64-linux-gnu]
  collapse library dir [/usr/lib/gcc/x86_64-linux-gnu/7/../../../../lib] ==> [/usr/lib]
  collapse library dir [/lib/x86_64-linux-gnu] ==> [/lib/x86_64-linux-gnu]
  collapse library dir [/lib/../lib] ==> [/lib]
  collapse library dir [/usr/lib/x86_64-linux-gnu] ==> [/usr/lib/x86_64-linux-gnu]
  collapse library dir [/usr/lib/../lib] ==> [/usr/lib]
  collapse library dir [/usr/lib/gcc/x86_64-linux-gnu/7/../../..] ==> [/usr/lib]
  implicit libs: [gcc;gcc_s;c;gcc;gcc_s]
  implicit dirs: [/usr/lib/gcc/x86_64-linux-gnu/7;/usr/lib/x86_64-linux-gnu;/usr/lib;/lib/x86_64-linux-gnu;/lib]
  implicit fwks: []




Detecting C [-std=c11] compiler features compiled with the following output:
Change Dir: /home/iosmichael/Documents/slam/glog/build/CMakeFiles/CMakeTmp

Run Build Command:"/usr/bin/make" "cmTC_d8494/fast"
/usr/bin/make -f CMakeFiles/cmTC_d8494.dir/build.make CMakeFiles/cmTC_d8494.dir/build
make[1]: Entering directory '/home/iosmichael/Documents/slam/glog/build/CMakeFiles/CMakeTmp'
Building C object CMakeFiles/cmTC_d8494.dir/feature_tests.c.o
/usr/bin/cc   -std=c11 -o CMakeFiles/cmTC_d8494.dir/feature_tests.c.o   -c /home/iosmichael/Documents/slam/glog/build/CMakeFiles/feature_tests.c
Linking C executable cmTC_d8494
/usr/bin/cmake -E cmake_link_script CMakeFiles/cmTC_d8494.dir/link.txt --verbose=1
/usr/bin/cc      -rdynamic CMakeFiles/cmTC_d8494.dir/feature_tests.c.o  -o cmTC_d8494 
make[1]: Leaving directory '/home/iosmichael/Documents/slam/glog/build/CMakeFiles/CMakeTmp'


    Feature record: C_FEATURE:1c_function_prototypes
    Feature record: C_FEATURE:1c_restrict
    Feature record: C_FEATURE:1c_static_assert
    Feature record: C_FEATURE:1c_variadic_macros


Detecting C [-std=c99] compiler features compiled with the following output:
Change Dir: /home/iosmichael/Documents/slam/glog/build/CMakeFiles/CMakeTmp

Run Build Command:"/usr/bin/make" "cmTC_3d704/fast"
/usr/bin/make -f CMakeFiles/cmTC_3d704.dir/build.make CMakeFiles/cmTC_3d704.dir/build
make[1]: Entering directory '/home/iosmichael/Documents/slam/glog/build/CMakeFiles/CMakeTmp'
Building C object CMakeFiles/cmTC_3d704.dir/feature_tests.c.o
/usr/bin/cc   -std=c99 -o CMakeFiles/cmTC_3d704.dir/feature_tests.c.o   -c /home/iosmichael/Documents/slam/glog/build/CMakeFiles/feature_tests.c
Linking C executable cmTC_3d704
/usr/bin/cmake -E cmake_link_script CMakeFiles/cmTC_3d704.dir/link.txt --verbose=1
/usr/bin/cc      -rdynamic CMakeFiles/cmTC_3d704.dir/feature_tests.c.o  -o cmTC_3d704 
make[1]: Leaving directory '/home/iosmichael/Documents/slam/glog/build/CMakeFiles/CMakeTmp'


    Feature record: C_FEATURE:1c_function_prototypes
    Feature record: C_FEATURE:1c_restrict
    Feature record: C_FEATURE:0c_static_assert
    Feature record: C_FEATURE:1c_variadic_macros


Detecting C [-std=c90] compiler features compiled with the following output:
Change Dir: /home/iosmichael/Documents/slam/glog/build/CMakeFiles/CMakeTmp

Run Build Command:"/usr/bin/make" "cmTC_87a85/fast"
/usr/bin/make -f CMakeFiles/cmTC_87a85.dir/build.make CMakeFiles/cmTC_87a85.dir/build
make[1]: Entering directory '/home/iosmichael/Documents/slam/glog/build/CMakeFiles/CMakeTmp'
Building C object CMakeFiles/cmTC_87a85.dir/feature_tests.c.o
/usr/bin/cc   -std=c90 -o CMakeFiles/cmTC_87a85.dir/feature_tests.c.o   -c /home/iosmichael/Documents/slam/glog/build/CMakeFiles/feature_tests.c
Linking C executable cmTC_87a85
/usr/bin/cmake -E cmake_link_script CMakeFiles/cmTC_87a85.dir/link.txt --verbose=1
/usr/bin/cc      -rdynamic CMakeFiles/cmTC_87a85.dir/feature_tests.c.o  -o cmTC_87a85 
make[1]: Leaving directory '/home/iosmichael/Documents/slam/glog/build/CMakeFiles/CMakeTmp'


    Feature record: C_FEATURE:1c_function_prototypes
    Feature record: C_FEATURE:0c_restrict
    Feature record: C_FEATURE:0c_static_assert
    Feature record: C_FEATURE:0c_variadic_macros
Determining if the CXX compiler works passed with the following output:
Change Dir: /home/iosmichael/Documents/slam/glog/build/CMakeFiles/CMakeTmp

Run Build Command:"/usr/bin/make" "cmTC_1e397/fast"
/usr/bin/make -f CMakeFiles/cmTC_1e397.dir/build.make CMakeFiles/cmTC_1e397.dir/build
make[1]: Entering directory '/home/iosmichael/Documents/slam/glog/build/CMakeFiles/CMakeTmp'
Building CXX object CMakeFiles/cmTC_1e397.dir/testCXXCompiler.cxx.o
/usr/bin/c++     -o CMakeFiles/cmTC_1e397.dir/testCXXCompiler.cxx.o -c /home/iosmichael/Documents/slam/glog/build/CMakeFiles/CMakeTmp/testCXXCompiler.cxx
Linking CXX executable cmTC_1e397
/usr/bin/cmake -E cmake_link_script CMakeFiles/cmTC_1e397.dir/link.txt --verbose=1
/usr/bin/c++       -rdynamic CMakeFiles/cmTC_1e397.dir/testCXXCompiler.cxx.o  -o cmTC_1e397 
make[1]: Leaving directory '/home/iosmichael/Documents/slam/glog/build/CMakeFiles/CMakeTmp'


Detecting CXX compiler ABI info compiled with the following output:
Change Dir: /home/iosmichael/Documents/slam/glog/build/CMakeFiles/CMakeTmp

Run Build Command:"/usr/bin/make" "cmTC_971f7/fast"
/usr/bin/make -f CMakeFiles/cmTC_971f7.dir/build.make CMakeFiles/cmTC_971f7.dir/build
make[1]: Entering directory '/home/iosmichael/Documents/slam/glog/build/CMakeFiles/CMakeTmp'
Building CXX object CMakeFiles/cmTC_971f7.dir/CMakeCXXCompilerABI.cpp.o
/usr/bin/c++     -o CMakeFiles/cmTC_971f7.dir/CMakeCXXCompilerABI.cpp.o -c /usr/share/cmake-3.10/Modules/CMakeCXXCompilerABI.cpp
Linking CXX executable cmTC_971f7
/usr/bin/cmake -E cmake_link_script CMakeFiles/cmTC_971f7.dir/link.txt --verbose=1
/usr/bin/c++      -v -rdynamic CMakeFiles/cmTC_971f7.dir/CMakeCXXCompilerABI.cpp.o  -o cmTC_971f7 
Using built-in specs.
COLLECT_GCC=/usr/bin/c++
COLLECT_LTO_WRAPPER=/usr/lib/gcc/x86_64-linux-gnu/7/lto-wrapper
OFFLOAD_TARGET_NAMES=nvptx-none
OFFLOAD_TARGET_DEFAULT=1
Target: x86_64-linux-gnu
Configured with: ../src/configure -v --with-pkgversion='Ubuntu 7.4.0-1ubuntu1~18.04.1' --with-bugurl=file:///usr/share/doc/gcc-7/README.Bugs --enable-languages=c,ada,c++,go,brig,d,fortran,objc,obj-c++ --prefix=/usr --with-gcc-major-version-only --program-suffix=-7 --program-prefix=x86_64-linux-gnu- --enable-shared --enable-linker-build-id --libexecdir=/usr/lib --without-included-gettext --enable-threads=posix --libdir=/usr/lib --enable-nls --with-sysroot=/ --enable-clocale=gnu --enable-libstdcxx-debug --enable-libstdcxx-time=yes --with-default-libstdcxx-abi=new --enable-gnu-unique-object --disable-vtable-verify --enable-libmpx --enable-plugin --enable-default-pie --with-system-zlib --with-target-system-zlib --enable-objc-gc=auto --enable-multiarch --disable-werror --with-arch-32=i686 --with-abi=m64 --with-multilib-list=m32,m64,mx32 --enable-multilib --with-tune=generic --enable-offload-targets=nvptx-none --without-cuda-driver --enable-checking=release --build=x86_64-linux-gnu --host=x86_64-linux-gnu --target=x86_64-linux-gnu
Thread model: posix
gcc version 7.4.0 (Ubuntu 7.4.0-1ubuntu1~18.04.1) 
COMPILER_PATH=/usr/lib/gcc/x86_64-linux-gnu/7/:/usr/lib/gcc/x86_64-linux-gnu/7/:/usr/lib/gcc/x86_64-linux-gnu/:/usr/lib/gcc/x86_64-linux-gnu/7/:/usr/lib/gcc/x86_64-linux-gnu/
LIBRARY_PATH=/usr/lib/gcc/x86_64-linux-gnu/7/:/usr/lib/gcc/x86_64-linux-gnu/7/../../../x86_64-linux-gnu/:/usr/lib/gcc/x86_64-linux-gnu/7/../../../../lib/:/lib/x86_64-linux-gnu/:/lib/../lib/:/usr/lib/x86_64-linux-gnu/:/usr/lib/../lib/:/usr/lib/gcc/x86_64-linux-gnu/7/../../../:/lib/:/usr/lib/
COLLECT_GCC_OPTIONS='-v' '-rdynamic' '-o' 'cmTC_971f7' '-shared-libgcc' '-mtune=generic' '-march=x86-64'
 /usr/lib/gcc/x86_64-linux-gnu/7/collect2 -plugin /usr/lib/gcc/x86_64-linux-gnu/7/liblto_plugin.so -plugin-opt=/usr/lib/gcc/x86_64-linux-gnu/7/lto-wrapper -plugin-opt=-fresolution=/tmp/ccB8uKgx.res -plugin-opt=-pass-through=-lgcc_s -plugin-opt=-pass-through=-lgcc -plugin-opt=-pass-through=-lc -plugin-opt=-pass-through=-lgcc_s -plugin-opt=-pass-through=-lgcc --sysroot=/ --build-id --eh-frame-hdr -m elf_x86_64 --hash-style=gnu --as-needed -export-dynamic -dynamic-linker /lib64/ld-linux-x86-64.so.2 -pie -z now -z relro -o cmTC_971f7 /usr/lib/gcc/x86_64-linux-gnu/7/../../../x86_64-linux-gnu/Scrt1.o /usr/lib/gcc/x86_64-linux-gnu/7/../../../x86_64-linux-gnu/crti.o /usr/lib/gcc/x86_64-linux-gnu/7/crtbeginS.o -L/usr/lib/gcc/x86_64-linux-gnu/7 -L/usr/lib/gcc/x86_64-linux-gnu/7/../../../x86_64-linux-gnu -L/usr/lib/gcc/x86_64-linux-gnu/7/../../../../lib -L/lib/x86_64-linux-gnu -L/lib/../lib -L/usr/lib/x86_64-linux-gnu -L/usr/lib/../lib -L/usr/lib/gcc/x86_64-linux-gnu/7/../../.. CMakeFiles/cmTC_971f7.dir/CMakeCXXCompilerABI.cpp.o -lstdc++ -lm -lgcc_s -lgcc -lc -lgcc_s -lgcc /usr/lib/gcc/x86_64-linux-gnu/7/crtendS.o /usr/lib/gcc/x86_64-linux-gnu/7/../../../x86_64-linux-gnu/crtn.o
COLLECT_GCC_OPTIONS='-v' '-rdynamic' '-o' 'cmTC_971f7' '-shared-libgcc' '-mtune=generic' '-march=x86-64'
make[1]: Leaving directory '/home/iosmichael/Documents/slam/glog/build/CMakeFiles/CMakeTmp'


Parsed CXX implicit link information from above output:
  link line regex: [^( *|.*[/\])(ld|CMAKE_LINK_STARTFILE-NOTFOUND|([^/\]+-)?ld|collect2)[^/\]*( |$)]
  ignore line: [Change Dir: /home/iosmichael/Documents/slam/glog/build/CMakeFiles/CMakeTmp]
  ignore line: []
  ignore line: [Run Build Command:"/usr/bin/make" "cmTC_971f7/fast"]
  ignore line: [/usr/bin/make -f CMakeFiles/cmTC_971f7.dir/build.make CMakeFiles/cmTC_971f7.dir/build]
  ignore line: [make[1]: Entering directory '/home/iosmichael/Documents/slam/glog/build/CMakeFiles/CMakeTmp']
  ignore line: [Building CXX object CMakeFiles/cmTC_971f7.dir/CMakeCXXCompilerABI.cpp.o]
  ignore line: [/usr/bin/c++     -o CMakeFiles/cmTC_971f7.dir/CMakeCXXCompilerABI.cpp.o -c /usr/share/cmake-3.10/Modules/CMakeCXXCompilerABI.cpp]
  ignore line: [Linking CXX executable cmTC_971f7]
  ignore line: [/usr/bin/cmake -E cmake_link_script CMakeFiles/cmTC_971f7.dir/link.txt --verbose=1]
  ignore line: [/usr/bin/c++      -v -rdynamic CMakeFiles/cmTC_971f7.dir/CMakeCXXCompilerABI.cpp.o  -o cmTC_971f7 ]
  ignore line: [Using built-in specs.]
  ignore line: [COLLECT_GCC=/usr/bin/c++]
  ignore line: [COLLECT_LTO_WRAPPER=/usr/lib/gcc/x86_64-linux-gnu/7/lto-wrapper]
  ignore line: [OFFLOAD_TARGET_NAMES=nvptx-none]
  ignore line: [OFFLOAD_TARGET_DEFAULT=1]
  ignore line: [Target: x86_64-linux-gnu]
  ignore line: [Configured with: ../src/configure -v --with-pkgversion='Ubuntu 7.4.0-1ubuntu1~18.04.1' --with-bugurl=file:///usr/share/doc/gcc-7/README.Bugs --enable-languages=c,ada,c++,go,brig,d,fortran,objc,obj-c++ --prefix=/usr --with-gcc-major-version-only --program-suffix=-7 --program-prefix=x86_64-linux-gnu- --enable-shared --enable-linker-build-id --libexecdir=/usr/lib --without-included-gettext --enable-threads=posix --libdir=/usr/lib --enable-nls --with-sysroot=/ --enable-clocale=gnu --enable-libstdcxx-debug --enable-libstdcxx-time=yes --with-default-libstdcxx-abi=new --enable-gnu-unique-object --disable-vtable-verify --enable-libmpx --enable-plugin --enable-default-pie --with-system-zlib --with-target-system-zlib --enable-objc-gc=auto --enable-multiarch --disable-werror --with-arch-32=i686 --with-abi=m64 --with-multilib-list=m32,m64,mx32 --enable-multilib --with-tune=generic --enable-offload-targets=nvptx-none --without-cuda-driver --enable-checking=release --build=x86_64-linux-gnu --host=x86_64-linux-gnu --target=x86_64-linux-gnu]
  ignore line: [Thread model: posix]
  ignore line: [gcc version 7.4.0 (Ubuntu 7.4.0-1ubuntu1~18.04.1) ]
  ignore line: [COMPILER_PATH=/usr/lib/gcc/x86_64-linux-gnu/7/:/usr/lib/gcc/x86_64-linux-gnu/7/:/usr/lib/gcc/x86_64-linux-gnu/:/usr/lib/gcc/x86_64-linux-gnu/7/:/usr/lib/gcc/x86_64-linux-gnu/]
  ignore line: [LIBRARY_PATH=/usr/lib/gcc/x86_64-linux-gnu/7/:/usr/lib/gcc/x86_64-linux-gnu/7/../../../x86_64-linux-gnu/:/usr/lib/gcc/x86_64-linux-gnu/7/../../../../lib/:/lib/x86_64-linux-gnu/:/lib/../lib/:/usr/lib/x86_64-linux-gnu/:/usr/lib/../lib/:/usr/lib/gcc/x86_64-linux-gnu/7/../../../:/lib/:/usr/lib/]
  ignore line: [COLLECT_GCC_OPTIONS='-v' '-rdynamic' '-o' 'cmTC_971f7' '-shared-libgcc' '-mtune=generic' '-march=x86-64']
  link line: [ /usr/lib/gcc/x86_64-linux-gnu/7/collect2 -plugin /usr/lib/gcc/x86_64-linux-gnu/7/liblto_plugin.so -plugin-opt=/usr/lib/gcc/x86_64-linux-gnu/7/lto-wrapper -plugin-opt=-fresolution=/tmp/ccB8uKgx.res -plugin-opt=-pass-through=-lgcc_s -plugin-opt=-pass-through=-lgcc -plugin-opt=-pass-through=-lc -plugin-opt=-pass-through=-lgcc_s -plugin-opt=-pass-through=-lgcc --sysroot=/ --build-id --eh-frame-hdr -m elf_x86_64 --hash-style=gnu --as-needed -export-dynamic -dynamic-linker /lib64/ld-linux-x86-64.so.2 -pie -z now -z relro -o cmTC_971f7 /usr/lib/gcc/x86_64-linux-gnu/7/../../../x86_64-linux-gnu/Scrt1.o /usr/lib/gcc/x86_64-linux-gnu/7/../../../x86_64-linux-gnu/crti.o /usr/lib/gcc/x86_64-linux-gnu/7/crtbeginS.o -L/usr/lib/gcc/x86_64-linux-gnu/7 -L/usr/lib/gcc/x86_64-linux-gnu/7/../../../x86_64-linux-gnu -L/usr/lib/gcc/x86_64-linux-gnu/7/../../../../lib -L/lib/x86_64-linux-gnu -L/lib/../lib -L/usr/lib/x86_64-linux-gnu -L/usr/lib/../lib -L/usr/lib/gcc/x86_64-linux-gnu/7/../../.. CMakeFiles/cmTC_971f7.dir/CMakeCXXCompilerABI.cpp.o -lstdc++ -lm -lgcc_s -lgcc -lc -lgcc_s -lgcc /usr/lib/gcc/x86_64-linux-gnu/7/crtendS.o /usr/lib/gcc/x86_64-linux-gnu/7/../../../x86_64-linux-gnu/crtn.o]
    arg [/usr/lib/gcc/x86_64-linux-gnu/7/collect2] ==> ignore
    arg [-plugin] ==> ignore
    arg [/usr/lib/gcc/x86_64-linux-gnu/7/liblto_plugin.so] ==> ignore
    arg [-plugin-opt=/usr/lib/gcc/x86_64-linux-gnu/7/lto-wrapper] ==> ignore
    arg [-plugin-opt=-fresolution=/tmp/ccB8uKgx.res] ==> ignore
    arg [-plugin-opt=-pass-through=-lgcc_s] ==> ignore
    arg [-plugin-opt=-pass-through=-lgcc] ==> ignore
    arg [-plugin-opt=-pass-through=-lc] ==> ignore
    arg [-plugin-opt=-pass-through=-lgcc_s] ==> ignore
    arg [-plugin-opt=-pass-through=-lgcc] ==> ignore
    arg [--sysroot=/] ==> ignore
    arg [--build-id] ==> ignore
    arg [--eh-frame-hdr] ==> ignore
    arg [-m] ==> ignore
    arg [elf_x86_64] ==> ignore
    arg [--hash-style=gnu] ==> ignore
    arg [--as-needed] ==> ignore
    arg [-export-dynamic] ==> ignore
    arg [-dynamic-linker] ==> ignore
    arg [/lib64/ld-linux-x86-64.so.2] ==> ignore
    arg [-pie] ==> ignore
    arg [-znow] ==> ignore
    arg [-zrelro] ==> ignore
    arg [-o] ==> ignore
    arg [cmTC_971f7] ==> ignore
    arg [/usr/lib/gcc/x86_64-linux-gnu/7/../../../x86_64-linux-gnu/Scrt1.o] ==> ignore
    arg [/usr/lib/gcc/x86_64-linux-gnu/7/../../../x86_64-linux-gnu/crti.o] ==> ignore
    arg [/usr/lib/gcc/x86_64-linux-gnu/7/crtbeginS.o] ==> ignore
    arg [-L/usr/lib/gcc/x86_64-linux-gnu/7] ==> dir [/usr/lib/gcc/x86_64-linux-gnu/7]
    arg [-L/usr/lib/gcc/x86_64-linux-gnu/7/../../../x86_64-linux-gnu] ==> dir [/usr/lib/gcc/x86_64-linux-gnu/7/../../../x86_64-linux-gnu]
    arg [-L/usr/lib/gcc/x86_64-linux-gnu/7/../../../../lib] ==> dir [/usr/lib/gcc/x86_64-linux-gnu/7/../../../../lib]
    arg [-L/lib/x86_64-linux-gnu] ==> dir [/lib/x86_64-linux-gnu]
    arg [-L/lib/../lib] ==> dir [/lib/../lib]
    arg [-L/usr/lib/x86_64-linux-gnu] ==> dir [/usr/lib/x86_64-linux-gnu]
    arg [-L/usr/lib/../lib] ==> dir [/usr/lib/../lib]
    arg [-L/usr/lib/gcc/x86_64-linux-gnu/7/../../..] ==> dir [/usr/lib/gcc/x86_64-linux-gnu/7/../../..]
    arg [CMakeFiles/cmTC_971f7.dir/CMakeCXXCompilerABI.cpp.o] ==> ignore
    arg [-lstdc++] ==> lib [stdc++]
    arg [-lm] ==> lib [m]
    arg [-lgcc_s] ==> lib [gcc_s]
    arg [-lgcc] ==> lib [gcc]
    arg [-lc] ==> lib [c]
    arg [-lgcc_s] ==> lib [gcc_s]
    arg [-lgcc] ==> lib [gcc]
    arg [/usr/lib/gcc/x86_64-linux-gnu/7/crtendS.o] ==> ignore
    arg [/usr/lib/gcc/x86_64-linux-gnu/7/../../../x86_64-linux-gnu/crtn.o] ==> ignore
  collapse library dir [/usr/lib/gcc/x86_64-linux-gnu/7] ==> [/usr/lib/gcc/x86_64-linux-gnu/7]
  collapse library dir [/usr/lib/gcc/x86_64-linux-gnu/7/../../../x86_64-linux-gnu] ==> [/usr/lib/x86_64-linux-gnu]
  collapse library dir [/usr/lib/gcc/x86_64-linux-gnu/7/../../../../lib] ==> [/usr/lib]
  collapse library dir [/lib/x86_64-linux-gnu] ==> [/lib/x86_64-linux-gnu]
  collapse library dir [/lib/../lib] ==> [/lib]
  collapse library dir [/usr/lib/x86_64-linux-gnu] ==> [/usr/lib/x86_64-linux-gnu]
  collapse library dir [/usr/lib/../lib] ==> [/usr/lib]
  collapse library dir [/usr/lib/gcc/x86_64-linux-gnu/7/../../..] ==> [/usr/lib]
  implicit libs: [stdc++;m;gcc_s;gcc;c;gcc_s;gcc]
  implicit dirs: [/usr/lib/gcc/x86_64-linux-gnu/7;/usr/lib/x86_64-linux-gnu;/usr/lib;/lib/x86_64-linux-gnu;/lib]
  implicit fwks: []




Detecting CXX [-std=c++1z] compiler features compiled with the following output:
Change Dir: /home/iosmichael/Documents/slam/glog/build/CMakeFiles/CMakeTmp

Run Build Command:"/usr/bin/make" "cmTC_bd655/fast"
/usr/bin/make -f CMakeFiles/cmTC_bd655.dir/build.make CMakeFiles/cmTC_bd655.dir/build
make[1]: Entering directory '/home/iosmichael/Documents/slam/glog/build/CMakeFiles/CMakeTmp'
Building CXX object CMakeFiles/cmTC_bd655.dir/feature_tests.cxx.o
/usr/bin/c++    -std=c++1z -o CMakeFiles/cmTC_bd655.dir/feature_tests.cxx.o -c /home/iosmichael/Documents/slam/glog/build/CMakeFiles/feature_tests.cxx
Linking CXX executable cmTC_bd655
/usr/bin/cmake -E cmake_link_script CMakeFiles/cmTC_bd655.dir/link.txt --verbose=1
/usr/bin/c++       -rdynamic CMakeFiles/cmTC_bd655.dir/feature_tests.cxx.o  -o cmTC_bd655 
make[1]: Leaving directory '/home/iosmichael/Documents/slam/glog/build/CMakeFiles/CMakeTmp'


    Feature record: CXX_FEATURE:1cxx_aggregate_default_initializers
    Feature record: CXX_FEATURE:1cxx_alias_templates
    Feature record: CXX_FEATURE:1cxx_alignas
    Feature record: CXX_FEATURE:1cxx_alignof
    Feature record: CXX_FEATURE:1cxx_attributes
    Feature record: CXX_FEATURE:1cxx_attribute_deprecated
    Feature record: CXX_FEATURE:1cxx_auto_type
    Feature record: CXX_FEATURE:1cxx_binary_literals
    Feature record: CXX_FEATURE:1cxx_constexpr
    Feature record: CXX_FEATURE:1cxx_contextual_conversions
    Feature record: CXX_FEATURE:1cxx_decltype
    Feature record: CXX_FEATURE:1cxx_decltype_auto
    Feature record: CXX_FEATURE:1cxx_decltype_incomplete_return_types
    Feature record: CXX_FEATURE:1cxx_default_function_template_args
    Feature record: CXX_FEATURE:1cxx_defaulted_functions
    Feature record: CXX_FEATURE:1cxx_defaulted_move_initializers
    Feature record: CXX_FEATURE:1cxx_delegating_constructors
    Feature record: CXX_FEATURE:1cxx_deleted_functions
    Feature record: CXX_FEATURE:1cxx_digit_separators
    Feature record: CXX_FEATURE:1cxx_enum_forward_declarations
    Feature record: CXX_FEATURE:1cxx_explicit_conversions
    Feature record: CXX_FEATURE:1cxx_extended_friend_declarations
    Feature record: CXX_FEATURE:1cxx_extern_templates
    Feature record: CXX_FEATURE:1cxx_final
    Feature record: CXX_FEATURE:1cxx_func_identifier
    Feature record: CXX_FEATURE:1cxx_generalized_initializers
    Feature record: CXX_FEATURE:1cxx_generic_lambdas
    Feature record: CXX_FEATURE:1cxx_inheriting_constructors
    Feature record: CXX_FEATURE:1cxx_inline_namespaces
    Feature record: CXX_FEATURE:1cxx_lambdas
    Feature record: CXX_FEATURE:1cxx_lambda_init_captures
    Feature record: CXX_FEATURE:1cxx_local_type_template_args
    Feature record: CXX_FEATURE:1cxx_long_long_type
    Feature record: CXX_FEATURE:1cxx_noexcept
    Feature record: CXX_FEATURE:1cxx_nonstatic_member_init
    Feature record: CXX_FEATURE:1cxx_nullptr
    Feature record: CXX_FEATURE:1cxx_override
    Feature record: CXX_FEATURE:1cxx_range_for
    Feature record: CXX_FEATURE:1cxx_raw_string_literals
    Feature record: CXX_FEATURE:1cxx_reference_qualified_functions
    Feature record: CXX_FEATURE:1cxx_relaxed_constexpr
    Feature record: CXX_FEATURE:1cxx_return_type_deduction
    Feature record: CXX_FEATURE:1cxx_right_angle_brackets
    Feature record: CXX_FEATURE:1cxx_rvalue_references
    Feature record: CXX_FEATURE:1cxx_sizeof_member
    Feature record: CXX_FEATURE:1cxx_static_assert
    Feature record: CXX_FEATURE:1cxx_strong_enums
    Feature record: CXX_FEATURE:1cxx_template_template_parameters
    Feature record: CXX_FEATURE:1cxx_thread_local
    Feature record: CXX_FEATURE:1cxx_trailing_return_types
    Feature record: CXX_FEATURE:1cxx_unicode_literals
    Feature record: CXX_FEATURE:1cxx_uniform_initialization
    Feature record: CXX_FEATURE:1cxx_unrestricted_unions
    Feature record: CXX_FEATURE:1cxx_user_literals
    Feature record: CXX_FEATURE:1cxx_variable_templates
    Feature record: CXX_FEATURE:1cxx_variadic_macros
    Feature record: CXX_FEATURE:1cxx_variadic_templates


Detecting CXX [-std=c++14] compiler features compiled with the following output:
Change Dir: /home/iosmichael/Documents/slam/glog/build/CMakeFiles/CMakeTmp

Run Build Command:"/usr/bin/make" "cmTC_06e3f/fast"
/usr/bin/make -f CMakeFiles/cmTC_06e3f.dir/build.make CMakeFiles/cmTC_06e3f.dir/build
make[1]: Entering directory '/home/iosmichael/Documents/slam/glog/build/CMakeFiles/CMakeTmp'
Building CXX object CMakeFiles/cmTC_06e3f.dir/feature_tests.cxx.o
/usr/bin/c++    -std=c++14 -o CMakeFiles/cmTC_06e3f.dir/feature_tests.cxx.o -c /home/iosmichael/Documents/slam/glog/build/CMakeFiles/feature_tests.cxx
Linking CXX executable cmTC_06e3f
/usr/bin/cmake -E cmake_link_script CMakeFiles/cmTC_06e3f.dir/link.txt --verbose=1
/usr/bin/c++       -rdynamic CMakeFiles/cmTC_06e3f.dir/feature_tests.cxx.o  -o cmTC_06e3f 
make[1]: Leaving directory '/home/iosmichael/Documents/slam/glog/build/CMakeFiles/CMakeTmp'


    Feature record: CXX_FEATURE:1cxx_aggregate_default_initializers
    Feature record: CXX_FEATURE:1cxx_alias_templates
    Feature record: CXX_FEATURE:1cxx_alignas
    Feature record: CXX_FEATURE:1cxx_alignof
    Feature record: CXX_FEATURE:1cxx_attributes
    Feature record: CXX_FEATURE:1cxx_attribute_deprecated
    Feature record: CXX_FEATURE:1cxx_auto_type
    Feature record: CXX_FEATURE:1cxx_binary_literals
    Feature record: CXX_FEATURE:1cxx_constexpr
    Feature record: CXX_FEATURE:1cxx_contextual_conversions
    Feature record: CXX_FEATURE:1cxx_decltype
    Feature record: CXX_FEATURE:1cxx_decltype_auto
    Feature record: CXX_FEATURE:1cxx_decltype_incomplete_return_types
    Feature record: CXX_FEATURE:1cxx_default_function_template_args
    Feature record: CXX_FEATURE:1cxx_defaulted_functions
    Feature record: CXX_FEATURE:1cxx_defaulted_move_initializers
    Feature record: CXX_FEATURE:1cxx_delegating_constructors
    Feature record: CXX_FEATURE:1cxx_deleted_functions
    Feature record: CXX_FEATURE:1cxx_digit_separators
    Feature record: CXX_FEATURE:1cxx_enum_forward_declarations
    Feature record: CXX_FEATURE:1cxx_explicit_conversions
    Feature record: CXX_FEATURE:1cxx_extended_friend_declarations
    Feature record: CXX_FEATURE:1cxx_extern_templates
    Feature record: CXX_FEATURE:1cxx_final
    Feature record: CXX_FEATURE:1cxx_func_identifier
    Feature record: CXX_FEATURE:1cxx_generalized_initializers
    Feature record: CXX_FEATURE:1cxx_generic_lambdas
    Feature record: CXX_FEATURE:1cxx_inheriting_constructors
    Feature record: CXX_FEATURE:1cxx_inline_namespaces
    Feature record: CXX_FEATURE:1cxx_lambdas
    Feature record: CXX_FEATURE:1cxx_lambda_init_captures
    Feature record: CXX_FEATURE:1cxx_local_type_template_args
    Feature record: CXX_FEATURE:1cxx_long_long_type
    Feature record: CXX_FEATURE:1cxx_noexcept
    Feature record: CXX_FEATURE:1cxx_nonstatic_member_init
    Feature record: CXX_FEATURE:1cxx_nullptr
    Feature record: CXX_FEATURE:1cxx_override
    Feature record: CXX_FEATURE:1cxx_range_for
    Feature record: CXX_FEATURE:1cxx_raw_string_literals
    Feature record: CXX_FEATURE:1cxx_reference_qualified_functions
    Feature record: CXX_FEATURE:1cxx_relaxed_constexpr
    Feature record: CXX_FEATURE:1cxx_return_type_deduction
    Feature record: CXX_FEATURE:1cxx_right_angle_brackets
    Feature record: CXX_FEATURE:1cxx_rvalue_references
    Feature record: CXX_FEATURE:1cxx_sizeof_member
    Feature record: CXX_FEATURE:1cxx_static_assert
    Feature record: CXX_FEATURE:1cxx_strong_enums
    Feature record: CXX_FEATURE:1cxx_template_template_parameters
    Feature record: CXX_FEATURE:1cxx_thread_local
    Feature record: CXX_FEATURE:1cxx_trailing_return_types
    Feature record: CXX_FEATURE:1cxx_unicode_literals
    Feature record: CXX_FEATURE:1cxx_uniform_initialization
    Feature record: CXX_FEATURE:1cxx_unrestricted_unions
    Feature record: CXX_FEATURE:1cxx_user_literals
    Feature record: CXX_FEATURE:1cxx_variable_templates
    Feature record: CXX_FEATURE:1cxx_variadic_macros
    Feature record: CXX_FEATURE:1cxx_variadic_templates


Detecting CXX [-std=c++11] compiler features compiled with the following output:
Change Dir: /home/iosmichael/Documents/slam/glog/build/CMakeFiles/CMakeTmp

Run Build Command:"/usr/bin/make" "cmTC_297ce/fast"
/usr/bin/make -f CMakeFiles/cmTC_297ce.dir/build.make CMakeFiles/cmTC_297ce.dir/build
make[1]: Entering directory '/home/iosmichael/Documents/slam/glog/build/CMakeFiles/CMakeTmp'
Building CXX object CMakeFiles/cmTC_297ce.dir/feature_tests.cxx.o
/usr/bin/c++    -std=c++11 -o CMakeFiles/cmTC_297ce.dir/feature_tests.cxx.o -c /home/iosmichael/Documents/slam/glog/build/CMakeFiles/feature_tests.cxx
Linking CXX executable cmTC_297ce
/usr/bin/cmake -E cmake_link_script CMakeFiles/cmTC_297ce.dir/link.txt --verbose=1
/usr/bin/c++       -rdynamic CMakeFiles/cmTC_297ce.dir/feature_tests.cxx.o  -o cmTC_297ce 
make[1]: Leaving directory '/home/iosmichael/Documents/slam/glog/build/CMakeFiles/CMakeTmp'


    Feature record: CXX_FEATURE:0cxx_aggregate_default_initializers
    Feature record: CXX_FEATURE:1cxx_alias_templates
    Feature record: CXX_FEATURE:1cxx_alignas
    Feature record: CXX_FEATURE:1cxx_alignof
    Feature record: CXX_FEATURE:1cxx_attributes
    Feature record: CXX_FEATURE:0cxx_attribute_deprecated
    Feature record: CXX_FEATURE:1cxx_auto_type
    Feature record: CXX_FEATURE:0cxx_binary_literals
    Feature record: CXX_FEATURE:1cxx_constexpr
    Feature record: CXX_FEATURE:0cxx_contextual_conversions
    Feature record: CXX_FEATURE:1cxx_decltype
    Feature record: CXX_FEATURE:0cxx_decltype_auto
    Feature record: CXX_FEATURE:1cxx_decltype_incomplete_return_types
    Feature record: CXX_FEATURE:1cxx_default_function_template_args
    Feature record: CXX_FEATURE:1cxx_defaulted_functions
    Feature record: CXX_FEATURE:1cxx_defaulted_move_initializers
    Feature record: CXX_FEATURE:1cxx_delegating_constructors
    Feature record: CXX_FEATURE:1cxx_deleted_functions
    Feature record: CXX_FEATURE:0cxx_digit_separators
    Feature record: CXX_FEATURE:1cxx_enum_forward_declarations
    Feature record: CXX_FEATURE:1cxx_explicit_conversions
    Feature record: CXX_FEATURE:1cxx_extended_friend_declarations
    Feature record: CXX_FEATURE:1cxx_extern_templates
    Feature record: CXX_FEATURE:1cxx_final
    Feature record: CXX_FEATURE:1cxx_func_identifier
    Feature record: CXX_FEATURE:1cxx_generalized_initializers
    Feature record: CXX_FEATURE:0cxx_generic_lambdas
    Feature record: CXX_FEATURE:1cxx_inheriting_constructors
    Feature record: CXX_FEATURE:1cxx_inline_namespaces
    Feature record: CXX_FEATURE:1cxx_lambdas
    Feature record: CXX_FEATURE:0cxx_lambda_init_captures
    Feature record: CXX_FEATURE:1cxx_local_type_template_args
    Feature record: CXX_FEATURE:1cxx_long_long_type
    Feature record: CXX_FEATURE:1cxx_noexcept
    Feature record: CXX_FEATURE:1cxx_nonstatic_member_init
    Feature record: CXX_FEATURE:1cxx_nullptr
    Feature record: CXX_FEATURE:1cxx_override
    Feature record: CXX_FEATURE:1cxx_range_for
    Feature record: CXX_FEATURE:1cxx_raw_string_literals
    Feature record: CXX_FEATURE:1cxx_reference_qualified_functions
    Feature record: CXX_FEATURE:0cxx_relaxed_constexpr
    Feature record: CXX_FEATURE:0cxx_return_type_deduction
    Feature record: CXX_FEATURE:1cxx_right_angle_brackets
    Feature record: CXX_FEATURE:1cxx_rvalue_references
    Feature record: CXX_FEATURE:1cxx_sizeof_member
    Feature record: CXX_FEATURE:1cxx_static_assert
    Feature record: CXX_FEATURE:1cxx_strong_enums
    Feature record: CXX_FEATURE:1cxx_template_template_parameters
    Feature record: CXX_FEATURE:1cxx_thread_local
    Feature record: CXX_FEATURE:1cxx_trailing_return_types
    Feature record: CXX_FEATURE:1cxx_unicode_literals
    Feature record: CXX_FEATURE:1cxx_uniform_initialization
    Feature record: CXX_FEATURE:1cxx_unrestricted_unions
    Feature record: CXX_FEATURE:1cxx_user_literals
    Feature record: CXX_FEATURE:0cxx_variable_templates
    Feature record: CXX_FEATURE:1cxx_variadic_macros
    Feature record: CXX_FEATURE:1cxx_variadic_templates


Detecting CXX [-std=c++98] compiler features compiled with the following output:
Change Dir: /home/iosmichael/Documents/slam/glog/build/CMakeFiles/CMakeTmp

Run Build Command:"/usr/bin/make" "cmTC_1acf8/fast"
/usr/bin/make -f CMakeFiles/cmTC_1acf8.dir/build.make CMakeFiles/cmTC_1acf8.dir/build
make[1]: Entering directory '/home/iosmichael/Documents/slam/glog/build/CMakeFiles/CMakeTmp'
Building CXX object CMakeFiles/cmTC_1acf8.dir/feature_tests.cxx.o
/usr/bin/c++    -std=c++98 -o CMakeFiles/cmTC_1acf8.dir/feature_tests.cxx.o -c /home/iosmichael/Documents/slam/glog/build/CMakeFiles/feature_tests.cxx
Linking CXX executable cmTC_1acf8
/usr/bin/cmake -E cmake_link_script CMakeFiles/cmTC_1acf8.dir/link.txt --verbose=1
/usr/bin/c++       -rdynamic CMakeFiles/cmTC_1acf8.dir/feature_tests.cxx.o  -o cmTC_1acf8 
make[1]: Leaving directory '/home/iosmichael/Documents/slam/glog/build/CMakeFiles/CMakeTmp'


    Feature record: CXX_FEATURE:0cxx_aggregate_default_initializers
    Feature record: CXX_FEATURE:0cxx_alias_templates
    Feature record: CXX_FEATURE:0cxx_alignas
    Feature record: CXX_FEATURE:0cxx_alignof
    Feature record: CXX_FEATURE:0cxx_attributes
    Feature record: CXX_FEATURE:0cxx_attribute_deprecated
    Feature record: CXX_FEATURE:0cxx_auto_type
    Feature record: CXX_FEATURE:0cxx_binary_literals
    Feature record: CXX_FEATURE:0cxx_constexpr
    Feature record: CXX_FEATURE:0cxx_contextual_conversions
    Feature record: CXX_FEATURE:0cxx_decltype
    Feature record: CXX_FEATURE:0cxx_decltype_auto
    Feature record: CXX_FEATURE:0cxx_decltype_incomplete_return_types
    Feature record: CXX_FEATURE:0cxx_default_function_template_args
    Feature record: CXX_FEATURE:0cxx_defaulted_functions
    Feature record: CXX_FEATURE:0cxx_defaulted_move_initializers
    Feature record: CXX_FEATURE:0cxx_delegating_constructors
    Feature record: CXX_FEATURE:0cxx_deleted_functions
    Feature record: CXX_FEATURE:0cxx_digit_separators
    Feature record: CXX_FEATURE:0cxx_enum_forward_declarations
    Feature record: CXX_FEATURE:0cxx_explicit_conversions
    Feature record: CXX_FEATURE:0cxx_extended_friend_declarations
    Feature record: CXX_FEATURE:0cxx_extern_templates
    Feature record: CXX_FEATURE:0cxx_final
    Feature record: CXX_FEATURE:0cxx_func_identifier
    Feature record: CXX_FEATURE:0cxx_generalized_initializers
    Feature record: CXX_FEATURE:0cxx_generic_lambdas
    Feature record: CXX_FEATURE:0cxx_inheriting_constructors
    Feature record: CXX_FEATURE:0cxx_inline_namespaces
    Feature record: CXX_FEATURE:0cxx_lambdas
    Feature record: CXX_FEATURE:0cxx_lambda_init_captures
    Feature record: CXX_FEATURE:0cxx_local_type_template_args
    Feature record: CXX_FEATURE:0cxx_long_long_type
    Feature record: CXX_FEATURE:0cxx_noexcept
    Feature record: CXX_FEATURE:0cxx_nonstatic_member_init
    Feature record: CXX_FEATURE:0cxx_nullptr
    Feature record: CXX_FEATURE:0cxx_override
    Feature record: CXX_FEATURE:0cxx_range_for
    Feature record: CXX_FEATURE:0cxx_raw_string_literals
    Feature record: CXX_FEATURE:0cxx_reference_qualified_functions
    Feature record: CXX_FEATURE:0cxx_relaxed_constexpr
    Feature record: CXX_FEATURE:0cxx_return_type_deduction
    Feature record: CXX_FEATURE:0cxx_right_angle_brackets
    Feature record: CXX_FEATURE:0cxx_rvalue_references
    Feature record: CXX_FEATURE:0cxx_sizeof_member
    Feature record: CXX_FEATURE:0cxx_static_assert
    Feature record: CXX_FEATURE:0cxx_strong_enums
    Feature record: CXX_FEATURE:1cxx_template_template_parameters
    Feature record: CXX_FEATURE:0cxx_thread_local
    Feature record: CXX_FEATURE:0cxx_trailing_return_types
    Feature record: CXX_FEATURE:0cxx_unicode_literals
    Feature record: CXX_FEATURE:0cxx_uniform_initialization
    Feature record: CXX_FEATURE:0cxx_unrestricted_unions
    Feature record: CXX_FEATURE:0cxx_user_literals
    Feature record: CXX_FEATURE:0cxx_variable_templates
    Feature record: CXX_FEATURE:0cxx_variadic_macros
    Feature record: CXX_FEATURE:0cxx_variadic_templates
Determining if the include file pthread.h exists passed with the following output:
Change Dir: /home/iosmichael/Documents/slam/glog/build/CMakeFiles/CMakeTmp

Run Build Command:"/usr/bin/make" "cmTC_7cf19/fast"
/usr/bin/make -f CMakeFiles/cmTC_7cf19.dir/build.make CMakeFiles/cmTC_7cf19.dir/build
make[1]: Entering directory '/home/iosmichael/Documents/slam/glog/build/CMakeFiles/CMakeTmp'
Building C object CMakeFiles/cmTC_7cf19.dir/CheckIncludeFile.c.o
/usr/bin/cc    -o CMakeFiles/cmTC_7cf19.dir/CheckIncludeFile.c.o   -c /home/iosmichael/Documents/slam/glog/build/CMakeFiles/CMakeTmp/CheckIncludeFile.c
Linking C executable cmTC_7cf19
/usr/bin/cmake -E cmake_link_script CMakeFiles/cmTC_7cf19.dir/link.txt --verbose=1
/usr/bin/cc      -rdynamic CMakeFiles/cmTC_7cf19.dir/CheckIncludeFile.c.o  -o cmTC_7cf19 
make[1]: Leaving directory '/home/iosmichael/Documents/slam/glog/build/CMakeFiles/CMakeTmp'


Determining if the function pthread_create exists in the pthread passed with the following output:
Change Dir: /home/iosmichael/Documents/slam/glog/build/CMakeFiles/CMakeTmp

Run Build Command:"/usr/bin/make" "cmTC_7c4dc/fast"
/usr/bin/make -f CMakeFiles/cmTC_7c4dc.dir/build.make CMakeFiles/cmTC_7c4dc.dir/build
make[1]: Entering directory '/home/iosmichael/Documents/slam/glog/build/CMakeFiles/CMakeTmp'
Building C object CMakeFiles/cmTC_7c4dc.dir/CheckFunctionExists.c.o
/usr/bin/cc   -DCHECK_FUNCTION_EXISTS=pthread_create   -o CMakeFiles/cmTC_7c4dc.dir/CheckFunctionExists.c.o   -c /usr/share/cmake-3.10/Modules/CheckFunctionExists.c
Linking C executable cmTC_7c4dc
/usr/bin/cmake -E cmake_link_script CMakeFiles/cmTC_7c4dc.dir/link.txt --verbose=1
/usr/bin/cc  -DCHECK_FUNCTION_EXISTS=pthread_create    -rdynamic CMakeFiles/cmTC_7c4dc.dir/CheckFunctionExists.c.o  -o cmTC_7c4dc -lpthread 
make[1]: Leaving directory '/home/iosmichael/Documents/slam/glog/build/CMakeFiles/CMakeTmp'


Determining if the include file dlfcn.h exists passed with the following output:
Change Dir: /home/iosmichael/Documents/slam/glog/build/CMakeFiles/CMakeTmp

Run Build Command:"/usr/bin/make" "cmTC_06bdc/fast"
/usr/bin/make -f CMakeFiles/cmTC_06bdc.dir/build.make CMakeFiles/cmTC_06bdc.dir/build
make[1]: Entering directory '/home/iosmichael/Documents/slam/glog/build/CMakeFiles/CMakeTmp'
Building C object CMakeFiles/cmTC_06bdc.dir/CheckIncludeFile.c.o
/usr/bin/cc    -o CMakeFiles/cmTC_06bdc.dir/CheckIncludeFile.c.o   -c /home/iosmichael/Documents/slam/glog/build/CMakeFiles/CMakeTmp/CheckIncludeFile.c
Linking C executable cmTC_06bdc
/usr/bin/cmake -E cmake_link_script CMakeFiles/cmTC_06bdc.dir/link.txt --verbose=1
/usr/bin/cc      -rdynamic CMakeFiles/cmTC_06bdc.dir/CheckIncludeFile.c.o  -o cmTC_06bdc 
make[1]: Leaving directory '/home/iosmichael/Documents/slam/glog/build/CMakeFiles/CMakeTmp'


Determining if the include file execinfo.h exists passed with the following output:
Change Dir: /home/iosmichael/Documents/slam/glog/build/CMakeFiles/CMakeTmp

Run Build Command:"/usr/bin/make" "cmTC_d4c67/fast"
/usr/bin/make -f CMakeFiles/cmTC_d4c67.dir/build.make CMakeFiles/cmTC_d4c67.dir/build
make[1]: Entering directory '/home/iosmichael/Documents/slam/glog/build/CMakeFiles/CMakeTmp'
Building C object CMakeFiles/cmTC_d4c67.dir/CheckIncludeFile.c.o
/usr/bin/cc    -o CMakeFiles/cmTC_d4c67.dir/CheckIncludeFile.c.o   -c /home/iosmichael/Documents/slam/glog/build/CMakeFiles/CMakeTmp/CheckIncludeFile.c
Linking C executable cmTC_d4c67
/usr/bin/cmake -E cmake_link_script CMakeFiles/cmTC_d4c67.dir/link.txt --verbose=1
/usr/bin/cc      -rdynamic CMakeFiles/cmTC_d4c67.dir/CheckIncludeFile.c.o  -o cmTC_d4c67 
make[1]: Leaving directory '/home/iosmichael/Documents/slam/glog/build/CMakeFiles/CMakeTmp'


Determining if the include file glob.h exists passed with the following output:
Change Dir: /home/iosmichael/Documents/slam/glog/build/CMakeFiles/CMakeTmp

Run Build Command:"/usr/bin/make" "cmTC_9cdd1/fast"
/usr/bin/make -f CMakeFiles/cmTC_9cdd1.dir/build.make CMakeFiles/cmTC_9cdd1.dir/build
make[1]: Entering directory '/home/iosmichael/Documents/slam/glog/build/CMakeFiles/CMakeTmp'
Building C object CMakeFiles/cmTC_9cdd1.dir/CheckIncludeFile.c.o
/usr/bin/cc    -o CMakeFiles/cmTC_9cdd1.dir/CheckIncludeFile.c.o   -c /home/iosmichael/Documents/slam/glog/build/CMakeFiles/CMakeTmp/CheckIncludeFile.c
Linking C executable cmTC_9cdd1
/usr/bin/cmake -E cmake_link_script CMakeFiles/cmTC_9cdd1.dir/link.txt --verbose=1
/usr/bin/cc      -rdynamic CMakeFiles/cmTC_9cdd1.dir/CheckIncludeFile.c.o  -o cmTC_9cdd1 
make[1]: Leaving directory '/home/iosmichael/Documents/slam/glog/build/CMakeFiles/CMakeTmp'


Determining if the include file inttypes.h exists passed with the following output:
Change Dir: /home/iosmichael/Documents/slam/glog/build/CMakeFiles/CMakeTmp

Run Build Command:"/usr/bin/make" "cmTC_168e8/fast"
/usr/bin/make -f CMakeFiles/cmTC_168e8.dir/build.make CMakeFiles/cmTC_168e8.dir/build
make[1]: Entering directory '/home/iosmichael/Documents/slam/glog/build/CMakeFiles/CMakeTmp'
Building C object CMakeFiles/cmTC_168e8.dir/CheckIncludeFile.c.o
/usr/bin/cc    -o CMakeFiles/cmTC_168e8.dir/CheckIncludeFile.c.o   -c /home/iosmichael/Documents/slam/glog/build/CMakeFiles/CMakeTmp/CheckIncludeFile.c
Linking C executable cmTC_168e8
/usr/bin/cmake -E cmake_link_script CMakeFiles/cmTC_168e8.dir/link.txt --verbose=1
/usr/bin/cc      -rdynamic CMakeFiles/cmTC_168e8.dir/CheckIncludeFile.c.o  -o cmTC_168e8 
make[1]: Leaving directory '/home/iosmichael/Documents/slam/glog/build/CMakeFiles/CMakeTmp'


Determining if the include file memory.h exists passed with the following output:
Change Dir: /home/iosmichael/Documents/slam/glog/build/CMakeFiles/CMakeTmp

Run Build Command:"/usr/bin/make" "cmTC_61007/fast"
/usr/bin/make -f CMakeFiles/cmTC_61007.dir/build.make CMakeFiles/cmTC_61007.dir/build
make[1]: Entering directory '/home/iosmichael/Documents/slam/glog/build/CMakeFiles/CMakeTmp'
Building C object CMakeFiles/cmTC_61007.dir/CheckIncludeFile.c.o
/usr/bin/cc    -o CMakeFiles/cmTC_61007.dir/CheckIncludeFile.c.o   -c /home/iosmichael/Documents/slam/glog/build/CMakeFiles/CMakeTmp/CheckIncludeFile.c
Linking C executable cmTC_61007
/usr/bin/cmake -E cmake_link_script CMakeFiles/cmTC_61007.dir/link.txt --verbose=1
/usr/bin/cc      -rdynamic CMakeFiles/cmTC_61007.dir/CheckIncludeFile.c.o  -o cmTC_61007 
make[1]: Leaving directory '/home/iosmichael/Documents/slam/glog/build/CMakeFiles/CMakeTmp'


Determining if the include file pwd.h exists passed with the following output:
Change Dir: /home/iosmichael/Documents/slam/glog/build/CMakeFiles/CMakeTmp

Run Build Command:"/usr/bin/make" "cmTC_b98bd/fast"
/usr/bin/make -f CMakeFiles/cmTC_b98bd.dir/build.make CMakeFiles/cmTC_b98bd.dir/build
make[1]: Entering directory '/home/iosmichael/Documents/slam/glog/build/CMakeFiles/CMakeTmp'
Building C object CMakeFiles/cmTC_b98bd.dir/CheckIncludeFile.c.o
/usr/bin/cc    -o CMakeFiles/cmTC_b98bd.dir/CheckIncludeFile.c.o   -c /home/iosmichael/Documents/slam/glog/build/CMakeFiles/CMakeTmp/CheckIncludeFile.c
Linking C executable cmTC_b98bd
/usr/bin/cmake -E cmake_link_script CMakeFiles/cmTC_b98bd.dir/link.txt --verbose=1
/usr/bin/cc      -rdynamic CMakeFiles/cmTC_b98bd.dir/CheckIncludeFile.c.o  -o cmTC_b98bd 
make[1]: Leaving directory '/home/iosmichael/Documents/slam/glog/build/CMakeFiles/CMakeTmp'


Determining if the include file stdint.h exists passed with the following output:
Change Dir: /home/iosmichael/Documents/slam/glog/build/CMakeFiles/CMakeTmp

Run Build Command:"/usr/bin/make" "cmTC_157bb/fast"
/usr/bin/make -f CMakeFiles/cmTC_157bb.dir/build.make CMakeFiles/cmTC_157bb.dir/build
make[1]: Entering directory '/home/iosmichael/Documents/slam/glog/build/CMakeFiles/CMakeTmp'
Building C object CMakeFiles/cmTC_157bb.dir/CheckIncludeFile.c.o
/usr/bin/cc    -o CMakeFiles/cmTC_157bb.dir/CheckIncludeFile.c.o   -c /home/iosmichael/Documents/slam/glog/build/CMakeFiles/CMakeTmp/CheckIncludeFile.c
Linking C executable cmTC_157bb
/usr/bin/cmake -E cmake_link_script CMakeFiles/cmTC_157bb.dir/link.txt --verbose=1
/usr/bin/cc      -rdynamic CMakeFiles/cmTC_157bb.dir/CheckIncludeFile.c.o  -o cmTC_157bb 
make[1]: Leaving directory '/home/iosmichael/Documents/slam/glog/build/CMakeFiles/CMakeTmp'


Determining if the include file stdlib.h exists passed with the following output:
Change Dir: /home/iosmichael/Documents/slam/glog/build/CMakeFiles/CMakeTmp

Run Build Command:"/usr/bin/make" "cmTC_35d87/fast"
/usr/bin/make -f CMakeFiles/cmTC_35d87.dir/build.make CMakeFiles/cmTC_35d87.dir/build
make[1]: Entering directory '/home/iosmichael/Documents/slam/glog/build/CMakeFiles/CMakeTmp'
Building C object CMakeFiles/cmTC_35d87.dir/CheckIncludeFile.c.o
/usr/bin/cc    -o CMakeFiles/cmTC_35d87.dir/CheckIncludeFile.c.o   -c /home/iosmichael/Documents/slam/glog/build/CMakeFiles/CMakeTmp/CheckIncludeFile.c
Linking C executable cmTC_35d87
/usr/bin/cmake -E cmake_link_script CMakeFiles/cmTC_35d87.dir/link.txt --verbose=1
/usr/bin/cc      -rdynamic CMakeFiles/cmTC_35d87.dir/CheckIncludeFile.c.o  -o cmTC_35d87 
make[1]: Leaving directory '/home/iosmichael/Documents/slam/glog/build/CMakeFiles/CMakeTmp'


Determining if the include file string.h exists passed with the following output:
Change Dir: /home/iosmichael/Documents/slam/glog/build/CMakeFiles/CMakeTmp

Run Build Command:"/usr/bin/make" "cmTC_096a9/fast"
/usr/bin/make -f CMakeFiles/cmTC_096a9.dir/build.make CMakeFiles/cmTC_096a9.dir/build
make[1]: Entering directory '/home/iosmichael/Documents/slam/glog/build/CMakeFiles/CMakeTmp'
Building C object CMakeFiles/cmTC_096a9.dir/CheckIncludeFile.c.o
/usr/bin/cc    -o CMakeFiles/cmTC_096a9.dir/CheckIncludeFile.c.o   -c /home/iosmichael/Documents/slam/glog/build/CMakeFiles/CMakeTmp/CheckIncludeFile.c
Linking C executable cmTC_096a9
/usr/bin/cmake -E cmake_link_script CMakeFiles/cmTC_096a9.dir/link.txt --verbose=1
/usr/bin/cc      -rdynamic CMakeFiles/cmTC_096a9.dir/CheckIncludeFile.c.o  -o cmTC_096a9 
make[1]: Leaving directory '/home/iosmichael/Documents/slam/glog/build/CMakeFiles/CMakeTmp'


Determining if the include file strings.h exists passed with the following output:
Change Dir: /home/iosmichael/Documents/slam/glog/build/CMakeFiles/CMakeTmp

Run Build Command:"/usr/bin/make" "cmTC_f7f2b/fast"
/usr/bin/make -f CMakeFiles/cmTC_f7f2b.dir/build.make CMakeFiles/cmTC_f7f2b.dir/build
make[1]: Entering directory '/home/iosmichael/Documents/slam/glog/build/CMakeFiles/CMakeTmp'
Building C object CMakeFiles/cmTC_f7f2b.dir/CheckIncludeFile.c.o
/usr/bin/cc    -o CMakeFiles/cmTC_f7f2b.dir/CheckIncludeFile.c.o   -c /home/iosmichael/Documents/slam/glog/build/CMakeFiles/CMakeTmp/CheckIncludeFile.c
Linking C executable cmTC_f7f2b
/usr/bin/cmake -E cmake_link_script CMakeFiles/cmTC_f7f2b.dir/link.txt --verbose=1
/usr/bin/cc      -rdynamic CMakeFiles/cmTC_f7f2b.dir/CheckIncludeFile.c.o  -o cmTC_f7f2b 
make[1]: Leaving directory '/home/iosmichael/Documents/slam/glog/build/CMakeFiles/CMakeTmp'


Determining if the include file sys/stat.h exists passed with the following output:
Change Dir: /home/iosmichael/Documents/slam/glog/build/CMakeFiles/CMakeTmp

Run Build Command:"/usr/bin/make" "cmTC_4b9e0/fast"
/usr/bin/make -f CMakeFiles/cmTC_4b9e0.dir/build.make CMakeFiles/cmTC_4b9e0.dir/build
make[1]: Entering directory '/home/iosmichael/Documents/slam/glog/build/CMakeFiles/CMakeTmp'
Building C object CMakeFiles/cmTC_4b9e0.dir/CheckIncludeFile.c.o
/usr/bin/cc    -o CMakeFiles/cmTC_4b9e0.dir/CheckIncludeFile.c.o   -c /home/iosmichael/Documents/slam/glog/build/CMakeFiles/CMakeTmp/CheckIncludeFile.c
Linking C executable cmTC_4b9e0
/usr/bin/cmake -E cmake_link_script CMakeFiles/cmTC_4b9e0.dir/link.txt --verbose=1
/usr/bin/cc      -rdynamic CMakeFiles/cmTC_4b9e0.dir/CheckIncludeFile.c.o  -o cmTC_4b9e0 
make[1]: Leaving directory '/home/iosmichael/Documents/slam/glog/build/CMakeFiles/CMakeTmp'


Determining if the include file sys/syscall.h exists passed with the following output:
Change Dir: /home/iosmichael/Documents/slam/glog/build/CMakeFiles/CMakeTmp

Run Build Command:"/usr/bin/make" "cmTC_1b3e9/fast"
/usr/bin/make -f CMakeFiles/cmTC_1b3e9.dir/build.make CMakeFiles/cmTC_1b3e9.dir/build
make[1]: Entering directory '/home/iosmichael/Documents/slam/glog/build/CMakeFiles/CMakeTmp'
Building C object CMakeFiles/cmTC_1b3e9.dir/CheckIncludeFile.c.o
/usr/bin/cc    -o CMakeFiles/cmTC_1b3e9.dir/CheckIncludeFile.c.o   -c /home/iosmichael/Documents/slam/glog/build/CMakeFiles/CMakeTmp/CheckIncludeFile.c
Linking C executable cmTC_1b3e9
/usr/bin/cmake -E cmake_link_script CMakeFiles/cmTC_1b3e9.dir/link.txt --verbose=1
/usr/bin/cc      -rdynamic CMakeFiles/cmTC_1b3e9.dir/CheckIncludeFile.c.o  -o cmTC_1b3e9 
make[1]: Leaving directory '/home/iosmichael/Documents/slam/glog/build/CMakeFiles/CMakeTmp'


Determining if the include file sys/time.h exists passed with the following output:
Change Dir: /home/iosmichael/Documents/slam/glog/build/CMakeFiles/CMakeTmp

Run Build Command:"/usr/bin/make" "cmTC_da310/fast"
/usr/bin/make -f CMakeFiles/cmTC_da310.dir/build.make CMakeFiles/cmTC_da310.dir/build
make[1]: Entering directory '/home/iosmichael/Documents/slam/glog/build/CMakeFiles/CMakeTmp'
Building C object CMakeFiles/cmTC_da310.dir/CheckIncludeFile.c.o
/usr/bin/cc    -o CMakeFiles/cmTC_da310.dir/CheckIncludeFile.c.o   -c /home/iosmichael/Documents/slam/glog/build/CMakeFiles/CMakeTmp/CheckIncludeFile.c
Linking C executable cmTC_da310
/usr/bin/cmake -E cmake_link_script CMakeFiles/cmTC_da310.dir/link.txt --verbose=1
/usr/bin/cc      -rdynamic CMakeFiles/cmTC_da310.dir/CheckIncludeFile.c.o  -o cmTC_da310 
make[1]: Leaving directory '/home/iosmichael/Documents/slam/glog/build/CMakeFiles/CMakeTmp'


Determining if the include file sys/types.h exists passed with the following output:
Change Dir: /home/iosmichael/Documents/slam/glog/build/CMakeFiles/CMakeTmp

Run Build Command:"/usr/bin/make" "cmTC_7f031/fast"
/usr/bin/make -f CMakeFiles/cmTC_7f031.dir/build.make CMakeFiles/cmTC_7f031.dir/build
make[1]: Entering directory '/home/iosmichael/Documents/slam/glog/build/CMakeFiles/CMakeTmp'
Building C object CMakeFiles/cmTC_7f031.dir/CheckIncludeFile.c.o
/usr/bin/cc    -o CMakeFiles/cmTC_7f031.dir/CheckIncludeFile.c.o   -c /home/iosmichael/Documents/slam/glog/build/CMakeFiles/CMakeTmp/CheckIncludeFile.c
Linking C executable cmTC_7f031
/usr/bin/cmake -E cmake_link_script CMakeFiles/cmTC_7f031.dir/link.txt --verbose=1
/usr/bin/cc      -rdynamic CMakeFiles/cmTC_7f031.dir/CheckIncludeFile.c.o  -o cmTC_7f031 
make[1]: Leaving directory '/home/iosmichael/Documents/slam/glog/build/CMakeFiles/CMakeTmp'


Determining if the include file sys/utsname.h exists passed with the following output:
Change Dir: /home/iosmichael/Documents/slam/glog/build/CMakeFiles/CMakeTmp

Run Build Command:"/usr/bin/make" "cmTC_f0abd/fast"
/usr/bin/make -f CMakeFiles/cmTC_f0abd.dir/build.make CMakeFiles/cmTC_f0abd.dir/build
make[1]: Entering directory '/home/iosmichael/Documents/slam/glog/build/CMakeFiles/CMakeTmp'
Building C object CMakeFiles/cmTC_f0abd.dir/CheckIncludeFile.c.o
/usr/bin/cc    -o CMakeFiles/cmTC_f0abd.dir/CheckIncludeFile.c.o   -c /home/iosmichael/Documents/slam/glog/build/CMakeFiles/CMakeTmp/CheckIncludeFile.c
Linking C executable cmTC_f0abd
/usr/bin/cmake -E cmake_link_script CMakeFiles/cmTC_f0abd.dir/link.txt --verbose=1
/usr/bin/cc      -rdynamic CMakeFiles/cmTC_f0abd.dir/CheckIncludeFile.c.o  -o cmTC_f0abd 
make[1]: Leaving directory '/home/iosmichael/Documents/slam/glog/build/CMakeFiles/CMakeTmp'


Determining if the include file syscall.h exists passed with the following output:
Change Dir: /home/iosmichael/Documents/slam/glog/build/CMakeFiles/CMakeTmp

Run Build Command:"/usr/bin/make" "cmTC_7757d/fast"
/usr/bin/make -f CMakeFiles/cmTC_7757d.dir/build.make CMakeFiles/cmTC_7757d.dir/build
make[1]: Entering directory '/home/iosmichael/Documents/slam/glog/build/CMakeFiles/CMakeTmp'
Building C object CMakeFiles/cmTC_7757d.dir/CheckIncludeFile.c.o
/usr/bin/cc    -o CMakeFiles/cmTC_7757d.dir/CheckIncludeFile.c.o   -c /home/iosmichael/Documents/slam/glog/build/CMakeFiles/CMakeTmp/CheckIncludeFile.c
Linking C executable cmTC_7757d
/usr/bin/cmake -E cmake_link_script CMakeFiles/cmTC_7757d.dir/link.txt --verbose=1
/usr/bin/cc      -rdynamic CMakeFiles/cmTC_7757d.dir/CheckIncludeFile.c.o  -o cmTC_7757d 
make[1]: Leaving directory '/home/iosmichael/Documents/slam/glog/build/CMakeFiles/CMakeTmp'


Determining if the include file syslog.h exists passed with the following output:
Change Dir: /home/iosmichael/Documents/slam/glog/build/CMakeFiles/CMakeTmp

Run Build Command:"/usr/bin/make" "cmTC_43e37/fast"
/usr/bin/make -f CMakeFiles/cmTC_43e37.dir/build.make CMakeFiles/cmTC_43e37.dir/build
make[1]: Entering directory '/home/iosmichael/Documents/slam/glog/build/CMakeFiles/CMakeTmp'
Building C object CMakeFiles/cmTC_43e37.dir/CheckIncludeFile.c.o
/usr/bin/cc    -o CMakeFiles/cmTC_43e37.dir/CheckIncludeFile.c.o   -c /home/iosmichael/Documents/slam/glog/build/CMakeFiles/CMakeTmp/CheckIncludeFile.c
Linking C executable cmTC_43e37
/usr/bin/cmake -E cmake_link_script CMakeFiles/cmTC_43e37.dir/link.txt --verbose=1
/usr/bin/cc      -rdynamic CMakeFiles/cmTC_43e37.dir/CheckIncludeFile.c.o  -o cmTC_43e37 
make[1]: Leaving directory '/home/iosmichael/Documents/slam/glog/build/CMakeFiles/CMakeTmp'


Determining if the include file ucontext.h exists passed with the following output:
Change Dir: /home/iosmichael/Documents/slam/glog/build/CMakeFiles/CMakeTmp

Run Build Command:"/usr/bin/make" "cmTC_de352/fast"
/usr/bin/make -f CMakeFiles/cmTC_de352.dir/build.make CMakeFiles/cmTC_de352.dir/build
make[1]: Entering directory '/home/iosmichael/Documents/slam/glog/build/CMakeFiles/CMakeTmp'
Building C object CMakeFiles/cmTC_de352.dir/CheckIncludeFile.c.o
/usr/bin/cc    -o CMakeFiles/cmTC_de352.dir/CheckIncludeFile.c.o   -c /home/iosmichael/Documents/slam/glog/build/CMakeFiles/CMakeTmp/CheckIncludeFile.c
Linking C executable cmTC_de352
/usr/bin/cmake -E cmake_link_script CMakeFiles/cmTC_de352.dir/link.txt --verbose=1
/usr/bin/cc      -rdynamic CMakeFiles/cmTC_de352.dir/CheckIncludeFile.c.o  -o cmTC_de352 
make[1]: Leaving directory '/home/iosmichael/Documents/slam/glog/build/CMakeFiles/CMakeTmp'


Determining if the include file unistd.h exists passed with the following output:
Change Dir: /home/iosmichael/Documents/slam/glog/build/CMakeFiles/CMakeTmp

Run Build Command:"/usr/bin/make" "cmTC_61ff1/fast"
/usr/bin/make -f CMakeFiles/cmTC_61ff1.dir/build.make CMakeFiles/cmTC_61ff1.dir/build
make[1]: Entering directory '/home/iosmichael/Documents/slam/glog/build/CMakeFiles/CMakeTmp'
Building C object CMakeFiles/cmTC_61ff1.dir/CheckIncludeFile.c.o
/usr/bin/cc    -o CMakeFiles/cmTC_61ff1.dir/CheckIncludeFile.c.o   -c /home/iosmichael/Documents/slam/glog/build/CMakeFiles/CMakeTmp/CheckIncludeFile.c
Linking C executable cmTC_61ff1
/usr/bin/cmake -E cmake_link_script CMakeFiles/cmTC_61ff1.dir/link.txt --verbose=1
/usr/bin/cc      -rdynamic CMakeFiles/cmTC_61ff1.dir/CheckIncludeFile.c.o  -o cmTC_61ff1 
make[1]: Leaving directory '/home/iosmichael/Documents/slam/glog/build/CMakeFiles/CMakeTmp'


Determining if the include file unwind.h exists passed with the following output:
Change Dir: /home/iosmichael/Documents/slam/glog/build/CMakeFiles/CMakeTmp

Run Build Command:"/usr/bin/make" "cmTC_3f0b8/fast"
/usr/bin/make -f CMakeFiles/cmTC_3f0b8.dir/build.make CMakeFiles/cmTC_3f0b8.dir/build
make[1]: Entering directory '/home/iosmichael/Documents/slam/glog/build/CMakeFiles/CMakeTmp'
Building C object CMakeFiles/cmTC_3f0b8.dir/CheckIncludeFile.c.o
/usr/bin/cc    -o CMakeFiles/cmTC_3f0b8.dir/CheckIncludeFile.c.o   -c /home/iosmichael/Documents/slam/glog/build/CMakeFiles/CMakeTmp/CheckIncludeFile.c
Linking C executable cmTC_3f0b8
/usr/bin/cmake -E cmake_link_script CMakeFiles/cmTC_3f0b8.dir/link.txt --verbose=1
/usr/bin/cc      -rdynamic CMakeFiles/cmTC_3f0b8.dir/CheckIncludeFile.c.o  -o cmTC_3f0b8 
make[1]: Leaving directory '/home/iosmichael/Documents/slam/glog/build/CMakeFiles/CMakeTmp'


Determining if the include file ext/hash_map exists passed with the following output:
Change Dir: /home/iosmichael/Documents/slam/glog/build/CMakeFiles/CMakeTmp

Run Build Command:"/usr/bin/make" "cmTC_3c7ec/fast"
/usr/bin/make -f CMakeFiles/cmTC_3c7ec.dir/build.make CMakeFiles/cmTC_3c7ec.dir/build
make[1]: Entering directory '/home/iosmichael/Documents/slam/glog/build/CMakeFiles/CMakeTmp'
Building CXX object CMakeFiles/cmTC_3c7ec.dir/CheckIncludeFile.cxx.o
/usr/bin/c++     -o CMakeFiles/cmTC_3c7ec.dir/CheckIncludeFile.cxx.o -c /home/iosmichael/Documents/slam/glog/build/CMakeFiles/CMakeTmp/CheckIncludeFile.cxx
In file included from /usr/include/c++/7/ext/hash_map:60:0,
                 from /home/iosmichael/Documents/slam/glog/build/CMakeFiles/CMakeTmp/CheckIncludeFile.cxx:1:
/usr/include/c++/7/backward/backward_warning.h:32:2: warning: #warning This file includes at least one deprecated or antiquated header which may be removed without further notice at a future date. Please use a non-deprecated interface with equivalent functionality instead. For a listing of replacement headers and interfaces, consult the file backward_warning.h. To disable this warning use -Wno-deprecated. [-Wcpp]
 #warning \
  ^~~~~~~
Linking CXX executable cmTC_3c7ec
/usr/bin/cmake -E cmake_link_script CMakeFiles/cmTC_3c7ec.dir/link.txt --verbose=1
/usr/bin/c++       -rdynamic CMakeFiles/cmTC_3c7ec.dir/CheckIncludeFile.cxx.o  -o cmTC_3c7ec 
make[1]: Leaving directory '/home/iosmichael/Documents/slam/glog/build/CMakeFiles/CMakeTmp'


Determining if the include file ext/hash_set exists passed with the following output:
Change Dir: /home/iosmichael/Documents/slam/glog/build/CMakeFiles/CMakeTmp

Run Build Command:"/usr/bin/make" "cmTC_ca1f9/fast"
/usr/bin/make -f CMakeFiles/cmTC_ca1f9.dir/build.make CMakeFiles/cmTC_ca1f9.dir/build
make[1]: Entering directory '/home/iosmichael/Documents/slam/glog/build/CMakeFiles/CMakeTmp'
Building CXX object CMakeFiles/cmTC_ca1f9.dir/CheckIncludeFile.cxx.o
/usr/bin/c++     -o CMakeFiles/cmTC_ca1f9.dir/CheckIncludeFile.cxx.o -c /home/iosmichael/Documents/slam/glog/build/CMakeFiles/CMakeTmp/CheckIncludeFile.cxx
In file included from /usr/include/c++/7/ext/hash_set:60:0,
                 from /home/iosmichael/Documents/slam/glog/build/CMakeFiles/CMakeTmp/CheckIncludeFile.cxx:1:
/usr/include/c++/7/backward/backward_warning.h:32:2: warning: #warning This file includes at least one deprecated or antiquated header which may be removed without further notice at a future date. Please use a non-deprecated interface with equivalent functionality instead. For a listing of replacement headers and interfaces, consult the file backward_warning.h. To disable this warning use -Wno-deprecated. [-Wcpp]
 #warning \
  ^~~~~~~
Linking CXX executable cmTC_ca1f9
/usr/bin/cmake -E cmake_link_script CMakeFiles/cmTC_ca1f9.dir/link.txt --verbose=1
/usr/bin/c++       -rdynamic CMakeFiles/cmTC_ca1f9.dir/CheckIncludeFile.cxx.o  -o cmTC_ca1f9 
make[1]: Leaving directory '/home/iosmichael/Documents/slam/glog/build/CMakeFiles/CMakeTmp'


Determining if the include file ext/slist exists passed with the following output:
Change Dir: /home/iosmichael/Documents/slam/glog/build/CMakeFiles/CMakeTmp

Run Build Command:"/usr/bin/make" "cmTC_2d97d/fast"
/usr/bin/make -f CMakeFiles/cmTC_2d97d.dir/build.make CMakeFiles/cmTC_2d97d.dir/build
make[1]: Entering directory '/home/iosmichael/Documents/slam/glog/build/CMakeFiles/CMakeTmp'
Building CXX object CMakeFiles/cmTC_2d97d.dir/CheckIncludeFile.cxx.o
/usr/bin/c++     -o CMakeFiles/cmTC_2d97d.dir/CheckIncludeFile.cxx.o -c /home/iosmichael/Documents/slam/glog/build/CMakeFiles/CMakeTmp/CheckIncludeFile.cxx
Linking CXX executable cmTC_2d97d
/usr/bin/cmake -E cmake_link_script CMakeFiles/cmTC_2d97d.dir/link.txt --verbose=1
/usr/bin/c++       -rdynamic CMakeFiles/cmTC_2d97d.dir/CheckIncludeFile.cxx.o  -o cmTC_2d97d 
make[1]: Leaving directory '/home/iosmichael/Documents/slam/glog/build/CMakeFiles/CMakeTmp'


Determining if the include file tr1/unordered_map exists passed with the following output:
Change Dir: /home/iosmichael/Documents/slam/glog/build/CMakeFiles/CMakeTmp

Run Build Command:"/usr/bin/make" "cmTC_d2957/fast"
/usr/bin/make -f CMakeFiles/cmTC_d2957.dir/build.make CMakeFiles/cmTC_d2957.dir/build
make[1]: Entering directory '/home/iosmichael/Documents/slam/glog/build/CMakeFiles/CMakeTmp'
Building CXX object CMakeFiles/cmTC_d2957.dir/CheckIncludeFile.cxx.o
/usr/bin/c++     -o CMakeFiles/cmTC_d2957.dir/CheckIncludeFile.cxx.o -c /home/iosmichael/Documents/slam/glog/build/CMakeFiles/CMakeTmp/CheckIncludeFile.cxx
Linking CXX executable cmTC_d2957
/usr/bin/cmake -E cmake_link_script CMakeFiles/cmTC_d2957.dir/link.txt --verbose=1
/usr/bin/c++       -rdynamic CMakeFiles/cmTC_d2957.dir/CheckIncludeFile.cxx.o  -o cmTC_d2957 
make[1]: Leaving directory '/home/iosmichael/Documents/slam/glog/build/CMakeFiles/CMakeTmp'


Determining if the include file tr1/unordered_set exists passed with the following output:
Change Dir: /home/iosmichael/Documents/slam/glog/build/CMakeFiles/CMakeTmp

Run Build Command:"/usr/bin/make" "cmTC_7748f/fast"
/usr/bin/make -f CMakeFiles/cmTC_7748f.dir/build.make CMakeFiles/cmTC_7748f.dir/build
make[1]: Entering directory '/home/iosmichael/Documents/slam/glog/build/CMakeFiles/CMakeTmp'
Building CXX object CMakeFiles/cmTC_7748f.dir/CheckIncludeFile.cxx.o
/usr/bin/c++     -o CMakeFiles/cmTC_7748f.dir/CheckIncludeFile.cxx.o -c /home/iosmichael/Documents/slam/glog/build/CMakeFiles/CMakeTmp/CheckIncludeFile.cxx
Linking CXX executable cmTC_7748f
/usr/bin/cmake -E cmake_link_script CMakeFiles/cmTC_7748f.dir/link.txt --verbose=1
/usr/bin/c++       -rdynamic CMakeFiles/cmTC_7748f.dir/CheckIncludeFile.cxx.o  -o cmTC_7748f 
make[1]: Leaving directory '/home/iosmichael/Documents/slam/glog/build/CMakeFiles/CMakeTmp'


Determining if the include file unordered_map exists passed with the following output:
Change Dir: /home/iosmichael/Documents/slam/glog/build/CMakeFiles/CMakeTmp

Run Build Command:"/usr/bin/make" "cmTC_b34ca/fast"
/usr/bin/make -f CMakeFiles/cmTC_b34ca.dir/build.make CMakeFiles/cmTC_b34ca.dir/build
make[1]: Entering directory '/home/iosmichael/Documents/slam/glog/build/CMakeFiles/CMakeTmp'
Building CXX object CMakeFiles/cmTC_b34ca.dir/CheckIncludeFile.cxx.o
/usr/bin/c++     -o CMakeFiles/cmTC_b34ca.dir/CheckIncludeFile.cxx.o -c /home/iosmichael/Documents/slam/glog/build/CMakeFiles/CMakeTmp/CheckIncludeFile.cxx
Linking CXX executable cmTC_b34ca
/usr/bin/cmake -E cmake_link_script CMakeFiles/cmTC_b34ca.dir/link.txt --verbose=1
/usr/bin/c++       -rdynamic CMakeFiles/cmTC_b34ca.dir/CheckIncludeFile.cxx.o  -o cmTC_b34ca 
make[1]: Leaving directory '/home/iosmichael/Documents/slam/glog/build/CMakeFiles/CMakeTmp'


Determining if the include file unordered_set exists passed with the following output:
Change Dir: /home/iosmichael/Documents/slam/glog/build/CMakeFiles/CMakeTmp

Run Build Command:"/usr/bin/make" "cmTC_71733/fast"
/usr/bin/make -f CMakeFiles/cmTC_71733.dir/build.make CMakeFiles/cmTC_71733.dir/build
make[1]: Entering directory '/home/iosmichael/Documents/slam/glog/build/CMakeFiles/CMakeTmp'
Building CXX object CMakeFiles/cmTC_71733.dir/CheckIncludeFile.cxx.o
/usr/bin/c++     -o CMakeFiles/cmTC_71733.dir/CheckIncludeFile.cxx.o -c /home/iosmichael/Documents/slam/glog/build/CMakeFiles/CMakeTmp/CheckIncludeFile.cxx
Linking CXX executable cmTC_71733
/usr/bin/cmake -E cmake_link_script CMakeFiles/cmTC_71733.dir/link.txt --verbose=1
/usr/bin/c++       -rdynamic CMakeFiles/cmTC_71733.dir/CheckIncludeFile.cxx.o  -o cmTC_71733 
make[1]: Leaving directory '/home/iosmichael/Documents/slam/glog/build/CMakeFiles/CMakeTmp'


Determining if the include file stddef.h exists passed with the following output:
Change Dir: /home/iosmichael/Documents/slam/glog/build/CMakeFiles/CMakeTmp

Run Build Command:"/usr/bin/make" "cmTC_a036d/fast"
/usr/bin/make -f CMakeFiles/cmTC_a036d.dir/build.make CMakeFiles/cmTC_a036d.dir/build
make[1]: Entering directory '/home/iosmichael/Documents/slam/glog/build/CMakeFiles/CMakeTmp'
Building C object CMakeFiles/cmTC_a036d.dir/CheckIncludeFile.c.o
/usr/bin/cc    -o CMakeFiles/cmTC_a036d.dir/CheckIncludeFile.c.o   -c /home/iosmichael/Documents/slam/glog/build/CMakeFiles/CMakeTmp/CheckIncludeFile.c
Linking C executable cmTC_a036d
/usr/bin/cmake -E cmake_link_script CMakeFiles/cmTC_a036d.dir/link.txt --verbose=1
/usr/bin/cc      -rdynamic CMakeFiles/cmTC_a036d.dir/CheckIncludeFile.c.o  -o cmTC_a036d 
make[1]: Leaving directory '/home/iosmichael/Documents/slam/glog/build/CMakeFiles/CMakeTmp'


Determining size of u_int16_t passed with the following output:
Change Dir: /home/iosmichael/Documents/slam/glog/build/CMakeFiles/CMakeTmp

Run Build Command:"/usr/bin/make" "cmTC_9e321/fast"
/usr/bin/make -f CMakeFiles/cmTC_9e321.dir/build.make CMakeFiles/cmTC_9e321.dir/build
make[1]: Entering directory '/home/iosmichael/Documents/slam/glog/build/CMakeFiles/CMakeTmp'
Building C object CMakeFiles/cmTC_9e321.dir/HAVE_U_INT16_T.c.o
/usr/bin/cc    -o CMakeFiles/cmTC_9e321.dir/HAVE_U_INT16_T.c.o   -c /home/iosmichael/Documents/slam/glog/build/CMakeFiles/CheckTypeSize/HAVE_U_INT16_T.c
Linking C executable cmTC_9e321
/usr/bin/cmake -E cmake_link_script CMakeFiles/cmTC_9e321.dir/link.txt --verbose=1
/usr/bin/cc      -rdynamic CMakeFiles/cmTC_9e321.dir/HAVE_U_INT16_T.c.o  -o cmTC_9e321 
make[1]: Leaving directory '/home/iosmichael/Documents/slam/glog/build/CMakeFiles/CMakeTmp'


Determining size of uint16_t passed with the following output:
Change Dir: /home/iosmichael/Documents/slam/glog/build/CMakeFiles/CMakeTmp

Run Build Command:"/usr/bin/make" "cmTC_adb4c/fast"
/usr/bin/make -f CMakeFiles/cmTC_adb4c.dir/build.make CMakeFiles/cmTC_adb4c.dir/build
make[1]: Entering directory '/home/iosmichael/Documents/slam/glog/build/CMakeFiles/CMakeTmp'
Building C object CMakeFiles/cmTC_adb4c.dir/HAVE_UINT16_T.c.o
/usr/bin/cc    -o CMakeFiles/cmTC_adb4c.dir/HAVE_UINT16_T.c.o   -c /home/iosmichael/Documents/slam/glog/build/CMakeFiles/CheckTypeSize/HAVE_UINT16_T.c
Linking C executable cmTC_adb4c
/usr/bin/cmake -E cmake_link_script CMakeFiles/cmTC_adb4c.dir/link.txt --verbose=1
/usr/bin/cc      -rdynamic CMakeFiles/cmTC_adb4c.dir/HAVE_UINT16_T.c.o  -o cmTC_adb4c 
make[1]: Leaving directory '/home/iosmichael/Documents/slam/glog/build/CMakeFiles/CMakeTmp'


Determining if the function fcntl exists passed with the following output:
Change Dir: /home/iosmichael/Documents/slam/glog/build/CMakeFiles/CMakeTmp

Run Build Command:"/usr/bin/make" "cmTC_e1347/fast"
/usr/bin/make -f CMakeFiles/cmTC_e1347.dir/build.make CMakeFiles/cmTC_e1347.dir/build
make[1]: Entering directory '/home/iosmichael/Documents/slam/glog/build/CMakeFiles/CMakeTmp'
Building C object CMakeFiles/cmTC_e1347.dir/CheckFunctionExists.c.o
/usr/bin/cc   -DCHECK_FUNCTION_EXISTS=fcntl   -o CMakeFiles/cmTC_e1347.dir/CheckFunctionExists.c.o   -c /usr/share/cmake-3.10/Modules/CheckFunctionExists.c
Linking C executable cmTC_e1347
/usr/bin/cmake -E cmake_link_script CMakeFiles/cmTC_e1347.dir/link.txt --verbose=1
/usr/bin/cc  -DCHECK_FUNCTION_EXISTS=fcntl    -rdynamic CMakeFiles/cmTC_e1347.dir/CheckFunctionExists.c.o  -o cmTC_e1347 
make[1]: Leaving directory '/home/iosmichael/Documents/slam/glog/build/CMakeFiles/CMakeTmp'


Determining if the function pread exists passed with the following output:
Change Dir: /home/iosmichael/Documents/slam/glog/build/CMakeFiles/CMakeTmp

Run Build Command:"/usr/bin/make" "cmTC_147a2/fast"
/usr/bin/make -f CMakeFiles/cmTC_147a2.dir/build.make CMakeFiles/cmTC_147a2.dir/build
make[1]: Entering directory '/home/iosmichael/Documents/slam/glog/build/CMakeFiles/CMakeTmp'
Building C object CMakeFiles/cmTC_147a2.dir/CheckFunctionExists.c.o
/usr/bin/cc   -DCHECK_FUNCTION_EXISTS=pread   -o CMakeFiles/cmTC_147a2.dir/CheckFunctionExists.c.o   -c /usr/share/cmake-3.10/Modules/CheckFunctionExists.c
Linking C executable cmTC_147a2
/usr/bin/cmake -E cmake_link_script CMakeFiles/cmTC_147a2.dir/link.txt --verbose=1
/usr/bin/cc  -DCHECK_FUNCTION_EXISTS=pread    -rdynamic CMakeFiles/cmTC_147a2.dir/CheckFunctionExists.c.o  -o cmTC_147a2 
make[1]: Leaving directory '/home/iosmichael/Documents/slam/glog/build/CMakeFiles/CMakeTmp'


Determining if the function pwrite exists passed with the following output:
Change Dir: /home/iosmichael/Documents/slam/glog/build/CMakeFiles/CMakeTmp

Run Build Command:"/usr/bin/make" "cmTC_c883e/fast"
/usr/bin/make -f CMakeFiles/cmTC_c883e.dir/build.make CMakeFiles/cmTC_c883e.dir/build
make[1]: Entering directory '/home/iosmichael/Documents/slam/glog/build/CMakeFiles/CMakeTmp'
Building C object CMakeFiles/cmTC_c883e.dir/CheckFunctionExists.c.o
/usr/bin/cc   -DCHECK_FUNCTION_EXISTS=pwrite   -o CMakeFiles/cmTC_c883e.dir/CheckFunctionExists.c.o   -c /usr/share/cmake-3.10/Modules/CheckFunctionExists.c
Linking C executable cmTC_c883e
/usr/bin/cmake -E cmake_link_script CMakeFiles/cmTC_c883e.dir/link.txt --verbose=1
/usr/bin/cc  -DCHECK_FUNCTION_EXISTS=pwrite    -rdynamic CMakeFiles/cmTC_c883e.dir/CheckFunctionExists.c.o  -o cmTC_c883e 
make[1]: Leaving directory '/home/iosmichael/Documents/slam/glog/build/CMakeFiles/CMakeTmp'


Determining if the function sigaction exists passed with the following output:
Change Dir: /home/iosmichael/Documents/slam/glog/build/CMakeFiles/CMakeTmp

Run Build Command:"/usr/bin/make" "cmTC_42db0/fast"
/usr/bin/make -f CMakeFiles/cmTC_42db0.dir/build.make CMakeFiles/cmTC_42db0.dir/build
make[1]: Entering directory '/home/iosmichael/Documents/slam/glog/build/CMakeFiles/CMakeTmp'
Building C object CMakeFiles/cmTC_42db0.dir/CheckFunctionExists.c.o
/usr/bin/cc   -DCHECK_FUNCTION_EXISTS=sigaction   -o CMakeFiles/cmTC_42db0.dir/CheckFunctionExists.c.o   -c /usr/share/cmake-3.10/Modules/CheckFunctionExists.c
Linking C executable cmTC_42db0
/usr/bin/cmake -E cmake_link_script CMakeFiles/cmTC_42db0.dir/link.txt --verbose=1
/usr/bin/cc  -DCHECK_FUNCTION_EXISTS=sigaction    -rdynamic CMakeFiles/cmTC_42db0.dir/CheckFunctionExists.c.o  -o cmTC_42db0 
make[1]: Leaving directory '/home/iosmichael/Documents/slam/glog/build/CMakeFiles/CMakeTmp'


Determining if the function sigaltstack exists passed with the following output:
Change Dir: /home/iosmichael/Documents/slam/glog/build/CMakeFiles/CMakeTmp

Run Build Command:"/usr/bin/make" "cmTC_39a7d/fast"
/usr/bin/make -f CMakeFiles/cmTC_39a7d.dir/build.make CMakeFiles/cmTC_39a7d.dir/build
make[1]: Entering directory '/home/iosmichael/Documents/slam/glog/build/CMakeFiles/CMakeTmp'
Building C object CMakeFiles/cmTC_39a7d.dir/CheckFunctionExists.c.o
/usr/bin/cc   -DCHECK_FUNCTION_EXISTS=sigaltstack   -o CMakeFiles/cmTC_39a7d.dir/CheckFunctionExists.c.o   -c /usr/share/cmake-3.10/Modules/CheckFunctionExists.c
Linking C executable cmTC_39a7d
/usr/bin/cmake -E cmake_link_script CMakeFiles/cmTC_39a7d.dir/link.txt --verbose=1
/usr/bin/cc  -DCHECK_FUNCTION_EXISTS=sigaltstack    -rdynamic CMakeFiles/cmTC_39a7d.dir/CheckFunctionExists.c.o  -o cmTC_39a7d 
make[1]: Leaving directory '/home/iosmichael/Documents/slam/glog/build/CMakeFiles/CMakeTmp'


Performing C++ SOURCE FILE Test HAVE_NO_DEPRECATED succeeded with the following output:
Change Dir: /home/iosmichael/Documents/slam/glog/build/CMakeFiles/CMakeTmp

Run Build Command:"/usr/bin/make" "cmTC_ee475/fast"
/usr/bin/make -f CMakeFiles/cmTC_ee475.dir/build.make CMakeFiles/cmTC_ee475.dir/build
make[1]: Entering directory '/home/iosmichael/Documents/slam/glog/build/CMakeFiles/CMakeTmp'
Building CXX object CMakeFiles/cmTC_ee475.dir/src.cxx.o
/usr/bin/c++    -DHAVE_NO_DEPRECATED   -Wdeprecated -o CMakeFiles/cmTC_ee475.dir/src.cxx.o -c /home/iosmichael/Documents/slam/glog/build/CMakeFiles/CMakeTmp/src.cxx
Linking CXX executable cmTC_ee475
/usr/bin/cmake -E cmake_link_script CMakeFiles/cmTC_ee475.dir/link.txt --verbose=1
/usr/bin/c++   -DHAVE_NO_DEPRECATED    -rdynamic CMakeFiles/cmTC_ee475.dir/src.cxx.o  -o cmTC_ee475 
make[1]: Leaving directory '/home/iosmichael/Documents/slam/glog/build/CMakeFiles/CMakeTmp'

Source file was:
int main() { return 0; }
Determining if the snprintf exist passed with the following output:
Change Dir: /home/iosmichael/Documents/slam/glog/build/CMakeFiles/CMakeTmp

Run Build Command:"/usr/bin/make" "cmTC_03f0c/fast"
/usr/bin/make -f CMakeFiles/cmTC_03f0c.dir/build.make CMakeFiles/cmTC_03f0c.dir/build
make[1]: Entering directory '/home/iosmichael/Documents/slam/glog/build/CMakeFiles/CMakeTmp'
Building C object CMakeFiles/cmTC_03f0c.dir/CheckSymbolExists.c.o
/usr/bin/cc    -o CMakeFiles/cmTC_03f0c.dir/CheckSymbolExists.c.o   -c /home/iosmichael/Documents/slam/glog/build/CMakeFiles/CMakeTmp/CheckSymbolExists.c
Linking C executable cmTC_03f0c
/usr/bin/cmake -E cmake_link_script CMakeFiles/cmTC_03f0c.dir/link.txt --verbose=1
/usr/bin/cc      -rdynamic CMakeFiles/cmTC_03f0c.dir/CheckSymbolExists.c.o  -o cmTC_03f0c 
make[1]: Leaving directory '/home/iosmichael/Documents/slam/glog/build/CMakeFiles/CMakeTmp'

File /home/iosmichael/Documents/slam/glog/build/CMakeFiles/CMakeTmp/CheckSymbolExists.c:
/* */
#include <stdio.h>

int main(int argc, char** argv)
{
  (void)argv;
#ifndef snprintf
  return ((int*)(&snprintf))[argc];
#else
  (void)argc;
  return 0;
#endif
}

Performing C SOURCE FILE Test HAVE___ATTRIBUTE__ succeeded with the following output:
Change Dir: /home/iosmichael/Documents/slam/glog/build/CMakeFiles/CMakeTmp

Run Build Command:"/usr/bin/make" "cmTC_9b982/fast"
/usr/bin/make -f CMakeFiles/cmTC_9b982.dir/build.make CMakeFiles/cmTC_9b982.dir/build
make[1]: Entering directory '/home/iosmichael/Documents/slam/glog/build/CMakeFiles/CMakeTmp'
Building C object CMakeFiles/cmTC_9b982.dir/src.c.o
/usr/bin/cc   -DHAVE___ATTRIBUTE__   -o CMakeFiles/cmTC_9b982.dir/src.c.o   -c /home/iosmichael/Documents/slam/glog/build/CMakeFiles/CMakeTmp/src.c
Linking C executable cmTC_9b982
/usr/bin/cmake -E cmake_link_script CMakeFiles/cmTC_9b982.dir/link.txt --verbose=1
/usr/bin/cc  -DHAVE___ATTRIBUTE__    -rdynamic CMakeFiles/cmTC_9b982.dir/src.c.o  -o cmTC_9b982 
make[1]: Leaving directory '/home/iosmichael/Documents/slam/glog/build/CMakeFiles/CMakeTmp'

Source file was:

#include <stdlib.h>
static void foo(void) __attribute__ ((unused));
int main(void) { return 0; }

Performing C SOURCE FILE Test HAVE___ATTRIBUTE__VISIBILITY_DEFAULT succeeded with the following output:
Change Dir: /home/iosmichael/Documents/slam/glog/build/CMakeFiles/CMakeTmp

Run Build Command:"/usr/bin/make" "cmTC_963a1/fast"
/usr/bin/make -f CMakeFiles/cmTC_963a1.dir/build.make CMakeFiles/cmTC_963a1.dir/build
make[1]: Entering directory '/home/iosmichael/Documents/slam/glog/build/CMakeFiles/CMakeTmp'
Building C object CMakeFiles/cmTC_963a1.dir/src.c.o
/usr/bin/cc   -DHAVE___ATTRIBUTE__VISIBILITY_DEFAULT   -o CMakeFiles/cmTC_963a1.dir/src.c.o   -c /home/iosmichael/Documents/slam/glog/build/CMakeFiles/CMakeTmp/src.c
/home/iosmichael/Documents/slam/glog/build/CMakeFiles/CMakeTmp/src.c:3:1: warning: visibility attribute ignored [-Wattributes]
 static void foo(void) __attribute__ ((visibility("default")));
 ^~~~~~
Linking C executable cmTC_963a1
/usr/bin/cmake -E cmake_link_script CMakeFiles/cmTC_963a1.dir/link.txt --verbose=1
/usr/bin/cc  -DHAVE___ATTRIBUTE__VISIBILITY_DEFAULT    -rdynamic CMakeFiles/cmTC_963a1.dir/src.c.o  -o cmTC_963a1 
make[1]: Leaving directory '/home/iosmichael/Documents/slam/glog/build/CMakeFiles/CMakeTmp'

Source file was:

#include <stdlib.h>
static void foo(void) __attribute__ ((visibility("default")));
int main(void) { return 0; }

Performing C SOURCE FILE Test HAVE___ATTRIBUTE__VISIBILITY_HIDDEN succeeded with the following output:
Change Dir: /home/iosmichael/Documents/slam/glog/build/CMakeFiles/CMakeTmp

Run Build Command:"/usr/bin/make" "cmTC_76a28/fast"
/usr/bin/make -f CMakeFiles/cmTC_76a28.dir/build.make CMakeFiles/cmTC_76a28.dir/build
make[1]: Entering directory '/home/iosmichael/Documents/slam/glog/build/CMakeFiles/CMakeTmp'
Building C object CMakeFiles/cmTC_76a28.dir/src.c.o
/usr/bin/cc   -DHAVE___ATTRIBUTE__VISIBILITY_HIDDEN   -o CMakeFiles/cmTC_76a28.dir/src.c.o   -c /home/iosmichael/Documents/slam/glog/build/CMakeFiles/CMakeTmp/src.c
/home/iosmichael/Documents/slam/glog/build/CMakeFiles/CMakeTmp/src.c:3:1: warning: visibility attribute ignored [-Wattributes]
 static void foo(void) __attribute__ ((visibility("hidden")));
 ^~~~~~
Linking C executable cmTC_76a28
/usr/bin/cmake -E cmake_link_script CMakeFiles/cmTC_76a28.dir/link.txt --verbose=1
/usr/bin/cc  -DHAVE___ATTRIBUTE__VISIBILITY_HIDDEN    -rdynamic CMakeFiles/cmTC_76a28.dir/src.c.o  -o cmTC_76a28 
make[1]: Leaving directory '/home/iosmichael/Documents/slam/glog/build/CMakeFiles/CMakeTmp'

Source file was:

#include <stdlib.h>
static void foo(void) __attribute__ ((visibility("hidden")));
int main(void) { return 0; }

Performing C SOURCE FILE Test HAVE___BUILTIN_EXPECT succeeded with the following output:
Change Dir: /home/iosmichael/Documents/slam/glog/build/CMakeFiles/CMakeTmp

Run Build Command:"/usr/bin/make" "cmTC_b700a/fast"
/usr/bin/make -f CMakeFiles/cmTC_b700a.dir/build.make CMakeFiles/cmTC_b700a.dir/build
make[1]: Entering directory '/home/iosmichael/Documents/slam/glog/build/CMakeFiles/CMakeTmp'
Building C object CMakeFiles/cmTC_b700a.dir/src.c.o
/usr/bin/cc   -DHAVE___BUILTIN_EXPECT   -o CMakeFiles/cmTC_b700a.dir/src.c.o   -c /home/iosmichael/Documents/slam/glog/build/CMakeFiles/CMakeTmp/src.c
Linking C executable cmTC_b700a
/usr/bin/cmake -E cmake_link_script CMakeFiles/cmTC_b700a.dir/link.txt --verbose=1
/usr/bin/cc  -DHAVE___BUILTIN_EXPECT    -rdynamic CMakeFiles/cmTC_b700a.dir/src.c.o  -o cmTC_b700a 
make[1]: Leaving directory '/home/iosmichael/Documents/slam/glog/build/CMakeFiles/CMakeTmp'

Source file was:

int main(void) { if (__builtin_expect(0, 0)) return 1; return 0; }

Performing C SOURCE FILE Test HAVE___SYNC_VAL_COMPARE_AND_SWAP succeeded with the following output:
Change Dir: /home/iosmichael/Documents/slam/glog/build/CMakeFiles/CMakeTmp

Run Build Command:"/usr/bin/make" "cmTC_e225b/fast"
/usr/bin/make -f CMakeFiles/cmTC_e225b.dir/build.make CMakeFiles/cmTC_e225b.dir/build
make[1]: Entering directory '/home/iosmichael/Documents/slam/glog/build/CMakeFiles/CMakeTmp'
Building C object CMakeFiles/cmTC_e225b.dir/src.c.o
/usr/bin/cc   -DHAVE___SYNC_VAL_COMPARE_AND_SWAP   -o CMakeFiles/cmTC_e225b.dir/src.c.o   -c /home/iosmichael/Documents/slam/glog/build/CMakeFiles/CMakeTmp/src.c
Linking C executable cmTC_e225b
/usr/bin/cmake -E cmake_link_script CMakeFiles/cmTC_e225b.dir/link.txt --verbose=1
/usr/bin/cc  -DHAVE___SYNC_VAL_COMPARE_AND_SWAP    -rdynamic CMakeFiles/cmTC_e225b.dir/src.c.o  -o cmTC_e225b 
make[1]: Leaving directory '/home/iosmichael/Documents/slam/glog/build/CMakeFiles/CMakeTmp'

Source file was:

int main(void)
{
  int a; if (__sync_val_compare_and_swap(&a, 0, 1)) return 1; return 0;
}

Performing C++ SOURCE FILE Test STL_STD_NAMESPACE succeeded with the following output:
Change Dir: /home/iosmichael/Documents/slam/glog/build/CMakeFiles/CMakeTmp

Run Build Command:"/usr/bin/make" "cmTC_ef72c/fast"
/usr/bin/make -f CMakeFiles/cmTC_ef72c.dir/build.make CMakeFiles/cmTC_ef72c.dir/build
make[1]: Entering directory '/home/iosmichael/Documents/slam/glog/build/CMakeFiles/CMakeTmp'
Building CXX object CMakeFiles/cmTC_ef72c.dir/src.cxx.o
/usr/bin/c++    -DSTL_STD_NAMESPACE   -o CMakeFiles/cmTC_ef72c.dir/src.cxx.o -c /home/iosmichael/Documents/slam/glog/build/CMakeFiles/CMakeTmp/src.cxx
Linking CXX executable cmTC_ef72c
/usr/bin/cmake -E cmake_link_script CMakeFiles/cmTC_ef72c.dir/link.txt --verbose=1
/usr/bin/c++   -DSTL_STD_NAMESPACE    -rdynamic CMakeFiles/cmTC_ef72c.dir/src.cxx.o  -o cmTC_ef72c 
make[1]: Leaving directory '/home/iosmichael/Documents/slam/glog/build/CMakeFiles/CMakeTmp'

Source file was:

#include <vector>
std::vector<int> t; int main() { }

Performing C++ SOURCE FILE Test HAVE_USING_OPERATOR succeeded with the following output:
Change Dir: /home/iosmichael/Documents/slam/glog/build/CMakeFiles/CMakeTmp

Run Build Command:"/usr/bin/make" "cmTC_c43e4/fast"
/usr/bin/make -f CMakeFiles/cmTC_c43e4.dir/build.make CMakeFiles/cmTC_c43e4.dir/build
make[1]: Entering directory '/home/iosmichael/Documents/slam/glog/build/CMakeFiles/CMakeTmp'
Building CXX object CMakeFiles/cmTC_c43e4.dir/src.cxx.o
/usr/bin/c++    -DHAVE_USING_OPERATOR   -o CMakeFiles/cmTC_c43e4.dir/src.cxx.o -c /home/iosmichael/Documents/slam/glog/build/CMakeFiles/CMakeTmp/src.cxx
Linking CXX executable cmTC_c43e4
/usr/bin/cmake -E cmake_link_script CMakeFiles/cmTC_c43e4.dir/link.txt --verbose=1
/usr/bin/c++   -DHAVE_USING_OPERATOR    -rdynamic CMakeFiles/cmTC_c43e4.dir/src.cxx.o  -o cmTC_c43e4 
make[1]: Leaving directory '/home/iosmichael/Documents/slam/glog/build/CMakeFiles/CMakeTmp'

Source file was:

#include <iostream>
std::ostream& operator<<(std::ostream&, struct s);
using ::operator<<;
int main() { }

Performing C++ SOURCE FILE Test HAVE_NAMESPACES succeeded with the following output:
Change Dir: /home/iosmichael/Documents/slam/glog/build/CMakeFiles/CMakeTmp

Run Build Command:"/usr/bin/make" "cmTC_2665a/fast"
/usr/bin/make -f CMakeFiles/cmTC_2665a.dir/build.make CMakeFiles/cmTC_2665a.dir/build
make[1]: Entering directory '/home/iosmichael/Documents/slam/glog/build/CMakeFiles/CMakeTmp'
Building CXX object CMakeFiles/cmTC_2665a.dir/src.cxx.o
/usr/bin/c++    -DHAVE_NAMESPACES   -o CMakeFiles/cmTC_2665a.dir/src.cxx.o -c /home/iosmichael/Documents/slam/glog/build/CMakeFiles/CMakeTmp/src.cxx
Linking CXX executable cmTC_2665a
/usr/bin/cmake -E cmake_link_script CMakeFiles/cmTC_2665a.dir/link.txt --verbose=1
/usr/bin/c++   -DHAVE_NAMESPACES    -rdynamic CMakeFiles/cmTC_2665a.dir/src.cxx.o  -o cmTC_2665a 
make[1]: Leaving directory '/home/iosmichael/Documents/slam/glog/build/CMakeFiles/CMakeTmp'

Source file was:

namespace Outer { namespace Inner { int i = 0; }}
using namespace Outer::Inner;;
int main() { return i; }

Performing C++ SOURCE FILE Test HAVE_GCC_TLS succeeded with the following output:
Change Dir: /home/iosmichael/Documents/slam/glog/build/CMakeFiles/CMakeTmp

Run Build Command:"/usr/bin/make" "cmTC_61441/fast"
/usr/bin/make -f CMakeFiles/cmTC_61441.dir/build.make CMakeFiles/cmTC_61441.dir/build
make[1]: Entering directory '/home/iosmichael/Documents/slam/glog/build/CMakeFiles/CMakeTmp'
Building CXX object CMakeFiles/cmTC_61441.dir/src.cxx.o
/usr/bin/c++    -DHAVE_GCC_TLS   -o CMakeFiles/cmTC_61441.dir/src.cxx.o -c /home/iosmichael/Documents/slam/glog/build/CMakeFiles/CMakeTmp/src.cxx
Linking CXX executable cmTC_61441
/usr/bin/cmake -E cmake_link_script CMakeFiles/cmTC_61441.dir/link.txt --verbose=1
/usr/bin/c++   -DHAVE_GCC_TLS    -rdynamic CMakeFiles/cmTC_61441.dir/src.cxx.o  -o cmTC_61441 
make[1]: Leaving directory '/home/iosmichael/Documents/slam/glog/build/CMakeFiles/CMakeTmp'

Source file was:

__thread int tls;
int main() { }

Performing C++ SOURCE FILE Test HAVE_CXX11_TLS succeeded with the following output:
Change Dir: /home/iosmichael/Documents/slam/glog/build/CMakeFiles/CMakeTmp

Run Build Command:"/usr/bin/make" "cmTC_35a11/fast"
/usr/bin/make -f CMakeFiles/cmTC_35a11.dir/build.make CMakeFiles/cmTC_35a11.dir/build
make[1]: Entering directory '/home/iosmichael/Documents/slam/glog/build/CMakeFiles/CMakeTmp'
Building CXX object CMakeFiles/cmTC_35a11.dir/src.cxx.o
/usr/bin/c++    -DHAVE_CXX11_TLS   -o CMakeFiles/cmTC_35a11.dir/src.cxx.o -c /home/iosmichael/Documents/slam/glog/build/CMakeFiles/CMakeTmp/src.cxx
Linking CXX executable cmTC_35a11
/usr/bin/cmake -E cmake_link_script CMakeFiles/cmTC_35a11.dir/link.txt --verbose=1
/usr/bin/c++   -DHAVE_CXX11_TLS    -rdynamic CMakeFiles/cmTC_35a11.dir/src.cxx.o  -o cmTC_35a11 
make[1]: Leaving directory '/home/iosmichael/Documents/slam/glog/build/CMakeFiles/CMakeTmp'

Source file was:

thread_local int tls;
int main() { }

Performing C++ SOURCE FILE Test HAVE_ALIGNED_STORAGE succeeded with the following output:
Change Dir: /home/iosmichael/Documents/slam/glog/build/CMakeFiles/CMakeTmp

Run Build Command:"/usr/bin/make" "cmTC_8e8ec/fast"
/usr/bin/make -f CMakeFiles/cmTC_8e8ec.dir/build.make CMakeFiles/cmTC_8e8ec.dir/build
make[1]: Entering directory '/home/iosmichael/Documents/slam/glog/build/CMakeFiles/CMakeTmp'
Building CXX object CMakeFiles/cmTC_8e8ec.dir/src.cxx.o
/usr/bin/c++    -DHAVE_ALIGNED_STORAGE   -o CMakeFiles/cmTC_8e8ec.dir/src.cxx.o -c /home/iosmichael/Documents/slam/glog/build/CMakeFiles/CMakeTmp/src.cxx
Linking CXX executable cmTC_8e8ec
/usr/bin/cmake -E cmake_link_script CMakeFiles/cmTC_8e8ec.dir/link.txt --verbose=1
/usr/bin/c++   -DHAVE_ALIGNED_STORAGE    -rdynamic CMakeFiles/cmTC_8e8ec.dir/src.cxx.o  -o cmTC_8e8ec 
make[1]: Leaving directory '/home/iosmichael/Documents/slam/glog/build/CMakeFiles/CMakeTmp'

Source file was:

#include <type_traits>
std::aligned_storage<sizeof(char), alignof(char)>::type data;
int main() { }

Performing C++ SOURCE FILE Test HAVE_LOCALTIME_R succeeded with the following output:
Change Dir: /home/iosmichael/Documents/slam/glog/build/CMakeFiles/CMakeTmp

Run Build Command:"/usr/bin/make" "cmTC_e0264/fast"
/usr/bin/make -f CMakeFiles/cmTC_e0264.dir/build.make CMakeFiles/cmTC_e0264.dir/build
make[1]: Entering directory '/home/iosmichael/Documents/slam/glog/build/CMakeFiles/CMakeTmp'
Building CXX object CMakeFiles/cmTC_e0264.dir/src.cxx.o
/usr/bin/c++    -DHAVE_LOCALTIME_R   -o CMakeFiles/cmTC_e0264.dir/src.cxx.o -c /home/iosmichael/Documents/slam/glog/build/CMakeFiles/CMakeTmp/src.cxx
Linking CXX executable cmTC_e0264
/usr/bin/cmake -E cmake_link_script CMakeFiles/cmTC_e0264.dir/link.txt --verbose=1
/usr/bin/c++   -DHAVE_LOCALTIME_R    -rdynamic CMakeFiles/cmTC_e0264.dir/src.cxx.o  -o cmTC_e0264 
make[1]: Leaving directory '/home/iosmichael/Documents/slam/glog/build/CMakeFiles/CMakeTmp'

Source file was:

#include <cstdlib>
#include <time.h>
int main()
{
    time_t timep;
    struct tm result;
    localtime_r(&timep, &result);
    return EXIT_SUCCESS;
}

